:DIR /datalocal1/ti_components/cg_tools/linux/C6000_7.4.2
:DIR /datalocal1/ti_components/cg_tools/linux/C6000_7.4.2/bin
:FILE /datalocal1/ti_components/cg_tools/linux/C6000_7.4.2/bin/abs6x
:FILE /datalocal1/ti_components/cg_tools/linux/C6000_7.4.2/bin/acp6x
:FILE /datalocal1/ti_components/cg_tools/linux/C6000_7.4.2/bin/acpia6x
:FILE /datalocal1/ti_components/cg_tools/linux/C6000_7.4.2/bin/ap6x
:FILE /datalocal1/ti_components/cg_tools/linux/C6000_7.4.2/bin/ap6x3
:FILE /datalocal1/ti_components/cg_tools/linux/C6000_7.4.2/bin/ar6x
:FILE /datalocal1/ti_components/cg_tools/linux/C6000_7.4.2/bin/asm6x
:FILE /datalocal1/ti_components/cg_tools/linux/C6000_7.4.2/bin/cg6x
:FILE /datalocal1/ti_components/cg_tools/linux/C6000_7.4.2/bin/cg6x3
:FILE /datalocal1/ti_components/cg_tools/linux/C6000_7.4.2/bin/ci6x
:FILE /datalocal1/ti_components/cg_tools/linux/C6000_7.4.2/bin/cl6x
:FILE /datalocal1/ti_components/cg_tools/linux/C6000_7.4.2/bin/clist6x
:FILE /datalocal1/ti_components/cg_tools/linux/C6000_7.4.2/bin/clt6x
:FILE /datalocal1/ti_components/cg_tools/linux/C6000_7.4.2/bin/cmp6x
:FILE /datalocal1/ti_components/cg_tools/linux/C6000_7.4.2/bin/dem6x
:FILE /datalocal1/ti_components/cg_tools/linux/C6000_7.4.2/bin/dis6x
:FILE /datalocal1/ti_components/cg_tools/linux/C6000_7.4.2/bin/embed6x
:FILE /datalocal1/ti_components/cg_tools/linux/C6000_7.4.2/bin/hex6x
:FILE /datalocal1/ti_components/cg_tools/linux/C6000_7.4.2/bin/ilk6x
:FILE /datalocal1/ti_components/cg_tools/linux/C6000_7.4.2/bin/libinfo6x
:FILE /datalocal1/ti_components/cg_tools/linux/C6000_7.4.2/bin/lnk6x
:FILE /datalocal1/ti_components/cg_tools/linux/C6000_7.4.2/bin/mk6x
:FILE /datalocal1/ti_components/cg_tools/linux/C6000_7.4.2/bin/nm6x
:FILE /datalocal1/ti_components/cg_tools/linux/C6000_7.4.2/bin/ofd6x
:FILE /datalocal1/ti_components/cg_tools/linux/C6000_7.4.2/bin/opt6x
:FILE /datalocal1/ti_components/cg_tools/linux/C6000_7.4.2/bin/pdd6x
:FILE /datalocal1/ti_components/cg_tools/linux/C6000_7.4.2/bin/pprof6x
:FILE /datalocal1/ti_components/cg_tools/linux/C6000_7.4.2/bin/prelink6x
:FILE /datalocal1/ti_components/cg_tools/linux/C6000_7.4.2/bin/strip6x
:FILE /datalocal1/ti_components/cg_tools/linux/C6000_7.4.2/bin/xref6x
:FILE /datalocal1/ti_components/cg_tools/linux/C6000_7.4.2/LICENSE.txt
:FILE /datalocal1/ti_components/cg_tools/linux/C6000_7.4.2/DefectHistory.txt
:FILE /datalocal1/ti_components/cg_tools/linux/C6000_7.4.2/README.txt
:DIR /datalocal1/ti_components/cg_tools/linux/C6000_7.4.2/prelink
:FILE /datalocal1/ti_components/cg_tools/linux/C6000_7.4.2/prelink/prelink_README.txt
:DIR /datalocal1/ti_components/cg_tools/linux/C6000_7.4.2/prelink/prelink_dependents
:FILE /datalocal1/ti_components/cg_tools/linux/C6000_7.4.2/prelink/prelink_dependents/a.c
:FILE /datalocal1/ti_components/cg_tools/linux/C6000_7.4.2/prelink/prelink_dependents/b.c
:FILE /datalocal1/ti_components/cg_tools/linux/C6000_7.4.2/prelink/prelink_dependents/build_dlls
:FILE /datalocal1/ti_components/cg_tools/linux/C6000_7.4.2/prelink/prelink_dependents/c.c
:FILE /datalocal1/ti_components/cg_tools/linux/C6000_7.4.2/prelink/prelink_dependents/d.c
:FILE /datalocal1/ti_components/cg_tools/linux/C6000_7.4.2/prelink/prelink_dependents/depends.cmd
:FILE /datalocal1/ti_components/cg_tools/linux/C6000_7.4.2/prelink/prelink_dependents/driver.c
:FILE /datalocal1/ti_components/cg_tools/linux/C6000_7.4.2/prelink/prelink_dependents/format.h
:FILE /datalocal1/ti_components/cg_tools/linux/C6000_7.4.2/prelink/prelink_dependents/printf.c
:DIR /datalocal1/ti_components/cg_tools/linux/C6000_7.4.2/prelink/prelink_dsbt_assistance
:FILE /datalocal1/ti_components/cg_tools/linux/C6000_7.4.2/prelink/prelink_dsbt_assistance/a.c
:FILE /datalocal1/ti_components/cg_tools/linux/C6000_7.4.2/prelink/prelink_dsbt_assistance/b.c
:FILE /datalocal1/ti_components/cg_tools/linux/C6000_7.4.2/prelink/prelink_dsbt_assistance/build_dyn_objs
:FILE /datalocal1/ti_components/cg_tools/linux/C6000_7.4.2/prelink/prelink_dsbt_assistance/c.c
:FILE /datalocal1/ti_components/cg_tools/linux/C6000_7.4.2/prelink/prelink_dsbt_assistance/d.c
:FILE /datalocal1/ti_components/cg_tools/linux/C6000_7.4.2/prelink/prelink_dsbt_assistance/driver.c
:FILE /datalocal1/ti_components/cg_tools/linux/C6000_7.4.2/prelink/prelink_dsbt_assistance/dsbt_ex_1.cmd
:FILE /datalocal1/ti_components/cg_tools/linux/C6000_7.4.2/prelink/prelink_dsbt_assistance/dsbt_ex_2.cmd
:FILE /datalocal1/ti_components/cg_tools/linux/C6000_7.4.2/prelink/prelink_dsbt_assistance/format.h
:FILE /datalocal1/ti_components/cg_tools/linux/C6000_7.4.2/prelink/prelink_dsbt_assistance/instructions.txt
:FILE /datalocal1/ti_components/cg_tools/linux/C6000_7.4.2/prelink/prelink_dsbt_assistance/main.c
:FILE /datalocal1/ti_components/cg_tools/linux/C6000_7.4.2/prelink/prelink_dsbt_assistance/printf.c
:FILE /datalocal1/ti_components/cg_tools/linux/C6000_7.4.2/prelink/prelink_dsbt_assistance/rebuild_some_dlls
:DIR /datalocal1/ti_components/cg_tools/linux/C6000_7.4.2/prelink/prelink_dyn_exe
:FILE /datalocal1/ti_components/cg_tools/linux/C6000_7.4.2/prelink/prelink_dyn_exe/build_dyn_exe
:FILE /datalocal1/ti_components/cg_tools/linux/C6000_7.4.2/prelink/prelink_dyn_exe/hello.c
:FILE /datalocal1/ti_components/cg_tools/linux/C6000_7.4.2/prelink/prelink_dyn_exe/hello.exe
:FILE /datalocal1/ti_components/cg_tools/linux/C6000_7.4.2/prelink/prelink_dyn_exe/hello_1.cmd
:FILE /datalocal1/ti_components/cg_tools/linux/C6000_7.4.2/prelink/prelink_dyn_exe/hello_2.cmd
:FILE /datalocal1/ti_components/cg_tools/linux/C6000_7.4.2/prelink/prelink_dyn_exe/hello_3.cmd
:FILE /datalocal1/ti_components/cg_tools/linux/C6000_7.4.2/prelink/prelink_dyn_exe/hello_4.cmd
:DIR /datalocal1/ti_components/cg_tools/linux/C6000_7.4.2/prelink/prelink_xip_segment
:FILE /datalocal1/ti_components/cg_tools/linux/C6000_7.4.2/prelink/prelink_xip_segment/build_dyn_exe
:FILE /datalocal1/ti_components/cg_tools/linux/C6000_7.4.2/prelink/prelink_xip_segment/hello.c
:FILE /datalocal1/ti_components/cg_tools/linux/C6000_7.4.2/prelink/prelink_xip_segment/hello_lnk.cmd
:FILE /datalocal1/ti_components/cg_tools/linux/C6000_7.4.2/prelink/prelink_xip_segment/prelink_hello.cmd
:DIR /datalocal1/ti_components/cg_tools/linux/C6000_7.4.2/include
:FILE /datalocal1/ti_components/cg_tools/linux/C6000_7.4.2/include/_data_synch.h
:FILE /datalocal1/ti_components/cg_tools/linux/C6000_7.4.2/include/_fmt_specifier.h
:FILE /datalocal1/ti_components/cg_tools/linux/C6000_7.4.2/include/_isfuncdcl.h
:FILE /datalocal1/ti_components/cg_tools/linux/C6000_7.4.2/include/_isfuncdef.h
:FILE /datalocal1/ti_components/cg_tools/linux/C6000_7.4.2/include/_lock.h
:FILE /datalocal1/ti_components/cg_tools/linux/C6000_7.4.2/include/_mutex.h
:FILE /datalocal1/ti_components/cg_tools/linux/C6000_7.4.2/include/_pthread.h
:FILE /datalocal1/ti_components/cg_tools/linux/C6000_7.4.2/include/_reg_mutex_api.h
:FILE /datalocal1/ti_components/cg_tools/linux/C6000_7.4.2/include/_reg_synch_api.h
:FILE /datalocal1/ti_components/cg_tools/linux/C6000_7.4.2/include/_tls.h
:FILE /datalocal1/ti_components/cg_tools/linux/C6000_7.4.2/include/access.h
:FILE /datalocal1/ti_components/cg_tools/linux/C6000_7.4.2/include/algorithm
:FILE /datalocal1/ti_components/cg_tools/linux/C6000_7.4.2/include/assert.h
:FILE /datalocal1/ti_components/cg_tools/linux/C6000_7.4.2/include/bitset
:FILE /datalocal1/ti_components/cg_tools/linux/C6000_7.4.2/include/c6x.h
:FILE /datalocal1/ti_components/cg_tools/linux/C6000_7.4.2/include/c60asm.i
:FILE /datalocal1/ti_components/cg_tools/linux/C6000_7.4.2/include/cassert
:FILE /datalocal1/ti_components/cg_tools/linux/C6000_7.4.2/include/cctype
:FILE /datalocal1/ti_components/cg_tools/linux/C6000_7.4.2/include/cerrno
:FILE /datalocal1/ti_components/cg_tools/linux/C6000_7.4.2/include/cfloat
:FILE /datalocal1/ti_components/cg_tools/linux/C6000_7.4.2/include/ciso646
:FILE /datalocal1/ti_components/cg_tools/linux/C6000_7.4.2/include/climits
:FILE /datalocal1/ti_components/cg_tools/linux/C6000_7.4.2/include/clocale
:FILE /datalocal1/ti_components/cg_tools/linux/C6000_7.4.2/include/cmath
:FILE /datalocal1/ti_components/cg_tools/linux/C6000_7.4.2/include/complex
:FILE /datalocal1/ti_components/cg_tools/linux/C6000_7.4.2/include/complex.h
:FILE /datalocal1/ti_components/cg_tools/linux/C6000_7.4.2/include/cpp_inline_math.h
:FILE /datalocal1/ti_components/cg_tools/linux/C6000_7.4.2/include/cpy_tbl.h
:FILE /datalocal1/ti_components/cg_tools/linux/C6000_7.4.2/include/csetjmp
:FILE /datalocal1/ti_components/cg_tools/linux/C6000_7.4.2/include/csignal
:FILE /datalocal1/ti_components/cg_tools/linux/C6000_7.4.2/include/cstdarg
:FILE /datalocal1/ti_components/cg_tools/linux/C6000_7.4.2/include/cstddef
:FILE /datalocal1/ti_components/cg_tools/linux/C6000_7.4.2/include/cstdio
:FILE /datalocal1/ti_components/cg_tools/linux/C6000_7.4.2/include/cstdlib
:FILE /datalocal1/ti_components/cg_tools/linux/C6000_7.4.2/include/cstring
:FILE /datalocal1/ti_components/cg_tools/linux/C6000_7.4.2/include/ctime
:FILE /datalocal1/ti_components/cg_tools/linux/C6000_7.4.2/include/ctype.h
:FILE /datalocal1/ti_components/cg_tools/linux/C6000_7.4.2/include/cwchar
:FILE /datalocal1/ti_components/cg_tools/linux/C6000_7.4.2/include/cwctype
:FILE /datalocal1/ti_components/cg_tools/linux/C6000_7.4.2/include/deque
:FILE /datalocal1/ti_components/cg_tools/linux/C6000_7.4.2/include/elf_linkage.h
:FILE /datalocal1/ti_components/cg_tools/linux/C6000_7.4.2/include/elfnames.h
:FILE /datalocal1/ti_components/cg_tools/linux/C6000_7.4.2/include/errno.h
:FILE /datalocal1/ti_components/cg_tools/linux/C6000_7.4.2/include/exception
:FILE /datalocal1/ti_components/cg_tools/linux/C6000_7.4.2/include/file.h
:FILE /datalocal1/ti_components/cg_tools/linux/C6000_7.4.2/include/float.h
:FILE /datalocal1/ti_components/cg_tools/linux/C6000_7.4.2/include/fstream
:FILE /datalocal1/ti_components/cg_tools/linux/C6000_7.4.2/include/fstream.h
:FILE /datalocal1/ti_components/cg_tools/linux/C6000_7.4.2/include/functional
:FILE /datalocal1/ti_components/cg_tools/linux/C6000_7.4.2/include/gsm.h
:FILE /datalocal1/ti_components/cg_tools/linux/C6000_7.4.2/include/hash_map
:FILE /datalocal1/ti_components/cg_tools/linux/C6000_7.4.2/include/hash_set
:FILE /datalocal1/ti_components/cg_tools/linux/C6000_7.4.2/include/inttypes.h
:FILE /datalocal1/ti_components/cg_tools/linux/C6000_7.4.2/include/iomanip
:FILE /datalocal1/ti_components/cg_tools/linux/C6000_7.4.2/include/iomanip.h
:FILE /datalocal1/ti_components/cg_tools/linux/C6000_7.4.2/include/ios
:FILE /datalocal1/ti_components/cg_tools/linux/C6000_7.4.2/include/iosfwd
:FILE /datalocal1/ti_components/cg_tools/linux/C6000_7.4.2/include/iostream
:FILE /datalocal1/ti_components/cg_tools/linux/C6000_7.4.2/include/iostream.h
:FILE /datalocal1/ti_components/cg_tools/linux/C6000_7.4.2/include/iso646.h
:FILE /datalocal1/ti_components/cg_tools/linux/C6000_7.4.2/include/istream
:FILE /datalocal1/ti_components/cg_tools/linux/C6000_7.4.2/include/iterator
:FILE /datalocal1/ti_components/cg_tools/linux/C6000_7.4.2/include/limits
:FILE /datalocal1/ti_components/cg_tools/linux/C6000_7.4.2/include/limits.h
:FILE /datalocal1/ti_components/cg_tools/linux/C6000_7.4.2/include/linkage.h
:FILE /datalocal1/ti_components/cg_tools/linux/C6000_7.4.2/include/list
:FILE /datalocal1/ti_components/cg_tools/linux/C6000_7.4.2/include/locale
:FILE /datalocal1/ti_components/cg_tools/linux/C6000_7.4.2/include/locale.h
:FILE /datalocal1/ti_components/cg_tools/linux/C6000_7.4.2/include/map
:FILE /datalocal1/ti_components/cg_tools/linux/C6000_7.4.2/include/math.h
:FILE /datalocal1/ti_components/cg_tools/linux/C6000_7.4.2/include/mathf.h
:FILE /datalocal1/ti_components/cg_tools/linux/C6000_7.4.2/include/mathl.h
:FILE /datalocal1/ti_components/cg_tools/linux/C6000_7.4.2/include/memory
:FILE /datalocal1/ti_components/cg_tools/linux/C6000_7.4.2/include/new
:FILE /datalocal1/ti_components/cg_tools/linux/C6000_7.4.2/include/new.h
:FILE /datalocal1/ti_components/cg_tools/linux/C6000_7.4.2/include/numeric
:FILE /datalocal1/ti_components/cg_tools/linux/C6000_7.4.2/include/ostream
:FILE /datalocal1/ti_components/cg_tools/linux/C6000_7.4.2/include/pprof.h
:FILE /datalocal1/ti_components/cg_tools/linux/C6000_7.4.2/include/queue
:FILE /datalocal1/ti_components/cg_tools/linux/C6000_7.4.2/include/rope
:FILE /datalocal1/ti_components/cg_tools/linux/C6000_7.4.2/include/set
:FILE /datalocal1/ti_components/cg_tools/linux/C6000_7.4.2/include/setjmp.h
:FILE /datalocal1/ti_components/cg_tools/linux/C6000_7.4.2/include/signal.h
:FILE /datalocal1/ti_components/cg_tools/linux/C6000_7.4.2/include/slist
:FILE /datalocal1/ti_components/cg_tools/linux/C6000_7.4.2/include/sstream
:FILE /datalocal1/ti_components/cg_tools/linux/C6000_7.4.2/include/stack
:FILE /datalocal1/ti_components/cg_tools/linux/C6000_7.4.2/include/stdarg.h
:FILE /datalocal1/ti_components/cg_tools/linux/C6000_7.4.2/include/stdbool.h
:FILE /datalocal1/ti_components/cg_tools/linux/C6000_7.4.2/include/stddef.h
:FILE /datalocal1/ti_components/cg_tools/linux/C6000_7.4.2/include/stdexcept
:FILE /datalocal1/ti_components/cg_tools/linux/C6000_7.4.2/include/stdint.h
:FILE /datalocal1/ti_components/cg_tools/linux/C6000_7.4.2/include/stdio.h
:FILE /datalocal1/ti_components/cg_tools/linux/C6000_7.4.2/include/stdiostream.h
:FILE /datalocal1/ti_components/cg_tools/linux/C6000_7.4.2/include/stdlib.h
:FILE /datalocal1/ti_components/cg_tools/linux/C6000_7.4.2/include/stl.h
:FILE /datalocal1/ti_components/cg_tools/linux/C6000_7.4.2/include/streambuf
:FILE /datalocal1/ti_components/cg_tools/linux/C6000_7.4.2/include/string
:FILE /datalocal1/ti_components/cg_tools/linux/C6000_7.4.2/include/string.h
:FILE /datalocal1/ti_components/cg_tools/linux/C6000_7.4.2/include/strstream
:FILE /datalocal1/ti_components/cg_tools/linux/C6000_7.4.2/include/strstream.h
:FILE /datalocal1/ti_components/cg_tools/linux/C6000_7.4.2/include/time.h
:FILE /datalocal1/ti_components/cg_tools/linux/C6000_7.4.2/include/typeinfo
:FILE /datalocal1/ti_components/cg_tools/linux/C6000_7.4.2/include/unaccess.h
:FILE /datalocal1/ti_components/cg_tools/linux/C6000_7.4.2/include/utility
:FILE /datalocal1/ti_components/cg_tools/linux/C6000_7.4.2/include/valarray
:FILE /datalocal1/ti_components/cg_tools/linux/C6000_7.4.2/include/vect.h
:FILE /datalocal1/ti_components/cg_tools/linux/C6000_7.4.2/include/vector
:FILE /datalocal1/ti_components/cg_tools/linux/C6000_7.4.2/include/wchar.h
:FILE /datalocal1/ti_components/cg_tools/linux/C6000_7.4.2/include/wchar.hx
:FILE /datalocal1/ti_components/cg_tools/linux/C6000_7.4.2/include/wctype.h
:FILE /datalocal1/ti_components/cg_tools/linux/C6000_7.4.2/include/xcomplex
:FILE /datalocal1/ti_components/cg_tools/linux/C6000_7.4.2/include/xdebug
:FILE /datalocal1/ti_components/cg_tools/linux/C6000_7.4.2/include/xhash
:FILE /datalocal1/ti_components/cg_tools/linux/C6000_7.4.2/include/xiosbase
:FILE /datalocal1/ti_components/cg_tools/linux/C6000_7.4.2/include/xlocale
:FILE /datalocal1/ti_components/cg_tools/linux/C6000_7.4.2/include/xlocinfo
:FILE /datalocal1/ti_components/cg_tools/linux/C6000_7.4.2/include/xlocinfo.h
:FILE /datalocal1/ti_components/cg_tools/linux/C6000_7.4.2/include/xlocmes
:FILE /datalocal1/ti_components/cg_tools/linux/C6000_7.4.2/include/xlocmon
:FILE /datalocal1/ti_components/cg_tools/linux/C6000_7.4.2/include/xlocnum
:FILE /datalocal1/ti_components/cg_tools/linux/C6000_7.4.2/include/xloctime
:FILE /datalocal1/ti_components/cg_tools/linux/C6000_7.4.2/include/xmemory
:FILE /datalocal1/ti_components/cg_tools/linux/C6000_7.4.2/include/xstddef
:FILE /datalocal1/ti_components/cg_tools/linux/C6000_7.4.2/include/xstring
:FILE /datalocal1/ti_components/cg_tools/linux/C6000_7.4.2/include/xtree
:FILE /datalocal1/ti_components/cg_tools/linux/C6000_7.4.2/include/xutility
:FILE /datalocal1/ti_components/cg_tools/linux/C6000_7.4.2/include/xwcc.h
:FILE /datalocal1/ti_components/cg_tools/linux/C6000_7.4.2/include/ymath.h
:FILE /datalocal1/ti_components/cg_tools/linux/C6000_7.4.2/include/yvals.h
:DIR /datalocal1/ti_components/cg_tools/linux/C6000_7.4.2/lib
:FILE /datalocal1/ti_components/cg_tools/linux/C6000_7.4.2/lib/libc.a
:FILE /datalocal1/ti_components/cg_tools/linux/C6000_7.4.2/lib/lnk.cmd
:FILE /datalocal1/ti_components/cg_tools/linux/C6000_7.4.2/lib/mklib
:FILE /datalocal1/ti_components/cg_tools/linux/C6000_7.4.2/lib/mklib.c
:FILE /datalocal1/ti_components/cg_tools/linux/C6000_7.4.2/lib/mklib.exe
:FILE /datalocal1/ti_components/cg_tools/linux/C6000_7.4.2/lib/rts64plus.lib
:FILE /datalocal1/ti_components/cg_tools/linux/C6000_7.4.2/lib/rts64plus_elf.lib
:FILE /datalocal1/ti_components/cg_tools/linux/C6000_7.4.2/lib/rts64pluse.lib
:FILE /datalocal1/ti_components/cg_tools/linux/C6000_7.4.2/lib/rts64pluse_elf.lib
:FILE /datalocal1/ti_components/cg_tools/linux/C6000_7.4.2/lib/rts6200.lib
:FILE /datalocal1/ti_components/cg_tools/linux/C6000_7.4.2/lib/rts6400.lib
:FILE /datalocal1/ti_components/cg_tools/linux/C6000_7.4.2/lib/rts6400e.lib
:FILE /datalocal1/ti_components/cg_tools/linux/C6000_7.4.2/lib/rts6400e_elf.lib
:FILE /datalocal1/ti_components/cg_tools/linux/C6000_7.4.2/lib/rts6600_elf.lib
:FILE /datalocal1/ti_components/cg_tools/linux/C6000_7.4.2/lib/rts6600_elf_mt.lib
:FILE /datalocal1/ti_components/cg_tools/linux/C6000_7.4.2/lib/rts6600e_elf.lib
:FILE /datalocal1/ti_components/cg_tools/linux/C6000_7.4.2/lib/rts6600e_elf_mt.lib
:FILE /datalocal1/ti_components/cg_tools/linux/C6000_7.4.2/lib/rts6740.lib
:FILE /datalocal1/ti_components/cg_tools/linux/C6000_7.4.2/lib/rts6740_elf.lib
:FILE /datalocal1/ti_components/cg_tools/linux/C6000_7.4.2/lib/rts6740e.lib
:FILE /datalocal1/ti_components/cg_tools/linux/C6000_7.4.2/lib/rts6740e_elf.lib
:FILE /datalocal1/ti_components/cg_tools/linux/C6000_7.4.2/lib/RTS_7_4_2_Manifest.pdf
:FILE /datalocal1/ti_components/cg_tools/linux/C6000_7.4.2/lib/rtssrc.zip
:DIR /datalocal1/ti_components/cg_tools/linux/C6000_7.4.2/man
:DIR /datalocal1/ti_components/cg_tools/linux/C6000_7.4.2/man/man1
:FILE /datalocal1/ti_components/cg_tools/linux/C6000_7.4.2/man/man1/abs6x.1
:FILE /datalocal1/ti_components/cg_tools/linux/C6000_7.4.2/man/man1/acp6x.1
:FILE /datalocal1/ti_components/cg_tools/linux/C6000_7.4.2/man/man1/acpia6x.1
:FILE /datalocal1/ti_components/cg_tools/linux/C6000_7.4.2/man/man1/ap6x.1
:FILE /datalocal1/ti_components/cg_tools/linux/C6000_7.4.2/man/man1/ap6x3.1
:FILE /datalocal1/ti_components/cg_tools/linux/C6000_7.4.2/man/man1/asm6x.1
:FILE /datalocal1/ti_components/cg_tools/linux/C6000_7.4.2/man/man1/cbe6x.1
:FILE /datalocal1/ti_components/cg_tools/linux/C6000_7.4.2/man/man1/cbeia6x.1
:FILE /datalocal1/ti_components/cg_tools/linux/C6000_7.4.2/man/man1/cg6x.1
:FILE /datalocal1/ti_components/cg_tools/linux/C6000_7.4.2/man/man1/cg6x3.1
:FILE /datalocal1/ti_components/cg_tools/linux/C6000_7.4.2/man/man1/ci6x.1
:FILE /datalocal1/ti_components/cg_tools/linux/C6000_7.4.2/man/man1/cl6x.1
:FILE /datalocal1/ti_components/cg_tools/linux/C6000_7.4.2/man/man1/clt6x.1
:FILE /datalocal1/ti_components/cg_tools/linux/C6000_7.4.2/man/man1/dem6x.1
:FILE /datalocal1/ti_components/cg_tools/linux/C6000_7.4.2/man/man1/dis6x.1
:FILE /datalocal1/ti_components/cg_tools/linux/C6000_7.4.2/man/man1/embed6x.1
:FILE /datalocal1/ti_components/cg_tools/linux/C6000_7.4.2/man/man1/hex6x.1
:FILE /datalocal1/ti_components/cg_tools/linux/C6000_7.4.2/man/man1/ilk6x.1
:FILE /datalocal1/ti_components/cg_tools/linux/C6000_7.4.2/man/man1/libinfo6x.1
:FILE /datalocal1/ti_components/cg_tools/linux/C6000_7.4.2/man/man1/lnk6x.1
:FILE /datalocal1/ti_components/cg_tools/linux/C6000_7.4.2/man/man1/nm6x.1
:FILE /datalocal1/ti_components/cg_tools/linux/C6000_7.4.2/man/man1/ofd6x.1
:FILE /datalocal1/ti_components/cg_tools/linux/C6000_7.4.2/man/man1/opt6x.1
:FILE /datalocal1/ti_components/cg_tools/linux/C6000_7.4.2/man/man1/pdd6x.1
:FILE /datalocal1/ti_components/cg_tools/linux/C6000_7.4.2/man/man1/pprof6x.1
:FILE /datalocal1/ti_components/cg_tools/linux/C6000_7.4.2/man/man1/prelink6x.1
:FILE /datalocal1/ti_components/cg_tools/linux/C6000_7.4.2/man/man1/strip6x.1
:FILE /datalocal1/ti_components/cg_tools/linux/C6000_7.4.2/man/man1/xref6x.1
:DIR /datalocal1/ti_components/cg_tools/linux/C6000_7.4.2/doc
:FILE /datalocal1/ti_components/cg_tools/linux/C6000_7.4.2/doc/C6000_TLS.docx
:FILE /datalocal1/ti_components/cg_tools/linux/C6000_7.4.2/doc/README.txt
:FILE /datalocal1/ti_components/cg_tools/linux/C6000_7.4.2/doc/SPRAB90.pdf
:FILE /datalocal1/ti_components/cg_tools/linux/C6000_7.4.2/doc/SPRU186W.pdf
:FILE /datalocal1/ti_components/cg_tools/linux/C6000_7.4.2/doc/SPRU187U.pdf
:FILE /datalocal1/ti_components/cg_tools/linux/C6000_7.4.2/install.log
