Log started 09/16/2015 at 10:56:03
Preferred installation mode : gtk
Trying to init installer in mode xwindow
Trying to init installer in mode text
Mode text successfully initialized
Preparing to Install
Preparing to Install
Creating directory /datalocal1/ti_components/cg_tools/linux/ti-cgt-arm_5.2.5
Unpacking files
Directory already exists: /datalocal1/ti_components/cg_tools/linux/ti-cgt-arm_5.2.5
Creating directory /datalocal1/ti_components/cg_tools/linux/ti-cgt-arm_5.2.5/lib
Creating directory /datalocal1/ti_components/cg_tools/linux/ti-cgt-arm_5.2.5/lib/src
Creating directory /datalocal1/ti_components/cg_tools/linux/ti-cgt-arm_5.2.5/include
Creating directory /datalocal1/ti_components/cg_tools/linux/ti-cgt-arm_5.2.5/bin
Creating directory /datalocal1/ti_components/cg_tools/linux/ti-cgt-arm_5.2.5/man
Creating directory /datalocal1/ti_components/cg_tools/linux/ti-cgt-arm_5.2.5/man/man1
Unpacking files
Unpacking /datalocal1/ti_components/cg_tools/linux/ti-cgt-arm_5.2.5/misra.txt
Unpacking /datalocal1/ti_components/cg_tools/linux/ti-cgt-arm_5.2.5/DefectHistory.txt
Unpacking /datalocal1/ti_components/cg_tools/linux/ti-cgt-arm_5.2.5/README.txt
Unpacking /datalocal1/ti_components/cg_tools/linux/ti-cgt-arm_5.2.5/ARM_5.2.x_CodeGenerationTools_Manifest.html
Unpacking /datalocal1/ti_components/cg_tools/linux/ti-cgt-arm_5.2.5/LICENSE.txt
Unpacking /datalocal1/ti_components/cg_tools/linux/ti-cgt-arm_5.2.5/lib/rtsv7R4_T_le_v3D16_eabi.lib
Unpacking /datalocal1/ti_components/cg_tools/linux/ti-cgt-arm_5.2.5/lib/rtsv5_A_le_eabi.lib
Unpacking /datalocal1/ti_components/cg_tools/linux/ti-cgt-arm_5.2.5/lib/rtsv7M3_T_le_eabi.lib
Unpacking /datalocal1/ti_components/cg_tools/linux/ti-cgt-arm_5.2.5/lib/mklib.c
Unpacking /datalocal1/ti_components/cg_tools/linux/ti-cgt-arm_5.2.5/lib/lnk.cmd
Unpacking /datalocal1/ti_components/cg_tools/linux/ti-cgt-arm_5.2.5/lib/rtsv7M4_T_le_v4SPD16_eabi.lib
Unpacking /datalocal1/ti_components/cg_tools/linux/ti-cgt-arm_5.2.5/lib/libc.a
Unpacking /datalocal1/ti_components/cg_tools/linux/ti-cgt-arm_5.2.5/lib/RTS_15_4_0I15142_Manifest.pdf
Unpacking /datalocal1/ti_components/cg_tools/linux/ti-cgt-arm_5.2.5/lib/rtsv7M3_T_le_xo_eabi.lib
Unpacking /datalocal1/ti_components/cg_tools/linux/ti-cgt-arm_5.2.5/lib/rtsv7R4_T_be_eabi.lib
Unpacking /datalocal1/ti_components/cg_tools/linux/ti-cgt-arm_5.2.5/lib/mklib.exe
Unpacking /datalocal1/ti_components/cg_tools/linux/ti-cgt-arm_5.2.5/lib/rtsv7A8_T_le_n_v3_eabi.lib
Unpacking /datalocal1/ti_components/cg_tools/linux/ti-cgt-arm_5.2.5/lib/mklib
Unpacking /datalocal1/ti_components/cg_tools/linux/ti-cgt-arm_5.2.5/lib/rtsv7M4_T_le_v4SPD16_xo_eabi.lib
Unpacking /datalocal1/ti_components/cg_tools/linux/ti-cgt-arm_5.2.5/lib/rtsv7R4_T_be_v3D16_eabi.lib
Unpacking /datalocal1/ti_components/cg_tools/linux/ti-cgt-arm_5.2.5/lib/src/llrintl.c
Unpacking /datalocal1/ti_components/cg_tools/linux/ti-cgt-arm_5.2.5/lib/src/ilogb.c
Unpacking /datalocal1/ti_components/cg_tools/linux/ti-cgt-arm_5.2.5/lib/src/hypotf.c
Unpacking /datalocal1/ti_components/cg_tools/linux/ti-cgt-arm_5.2.5/lib/src/fopen.c
Unpacking /datalocal1/ti_components/cg_tools/linux/ti-cgt-arm_5.2.5/lib/src/complex
Unpacking /datalocal1/ti_components/cg_tools/linux/ti-cgt-arm_5.2.5/lib/src/ispunct.c
Unpacking /datalocal1/ti_components/cg_tools/linux/ti-cgt-arm_5.2.5/lib/src/locale
Unpacking /datalocal1/ti_components/cg_tools/linux/ti-cgt-arm_5.2.5/lib/src/feupdateenv.c
Unpacking /datalocal1/ti_components/cg_tools/linux/ti-cgt-arm_5.2.5/lib/src/strtoull.c
Unpacking /datalocal1/ti_components/cg_tools/linux/ti-cgt-arm_5.2.5/lib/src/stkchk32.asm
Unpacking /datalocal1/ti_components/cg_tools/linux/ti-cgt-arm_5.2.5/lib/src/xmath.h
Unpacking /datalocal1/ti_components/cg_tools/linux/ti-cgt-arm_5.2.5/lib/src/vla_alloc.cpp
Unpacking /datalocal1/ti_components/cg_tools/linux/ti-cgt-arm_5.2.5/lib/src/xxsin.h
Unpacking /datalocal1/ti_components/cg_tools/linux/ti-cgt-arm_5.2.5/lib/src/fesetexceptflag.c
Unpacking /datalocal1/ti_components/cg_tools/linux/ti-cgt-arm_5.2.5/lib/src/isupper.c
Unpacking /datalocal1/ti_components/cg_tools/linux/ti-cgt-arm_5.2.5/lib/src/xdclass.c
Unpacking /datalocal1/ti_components/cg_tools/linux/ti-cgt-arm_5.2.5/lib/src/strchr.c
Unpacking /datalocal1/ti_components/cg_tools/linux/ti-cgt-arm_5.2.5/lib/src/snprintf.c
Unpacking /datalocal1/ti_components/cg_tools/linux/ti-cgt-arm_5.2.5/lib/src/fd_toull_t2.asm
Unpacking /datalocal1/ti_components/cg_tools/linux/ti-cgt-arm_5.2.5/lib/src/strtok.c
Unpacking /datalocal1/ti_components/cg_tools/linux/ti-cgt-arm_5.2.5/lib/src/cargs.h
Unpacking /datalocal1/ti_components/cg_tools/linux/ti-cgt-arm_5.2.5/lib/src/xxtgamma.h
Unpacking /datalocal1/ti_components/cg_tools/linux/ti-cgt-arm_5.2.5/lib/src/atoi.c
Unpacking /datalocal1/ti_components/cg_tools/linux/ti-cgt-arm_5.2.5/lib/src/xxxhypot.h
Unpacking /datalocal1/ti_components/cg_tools/linux/ti-cgt-arm_5.2.5/lib/src/strrchr.c
Unpacking /datalocal1/ti_components/cg_tools/linux/ti-cgt-arm_5.2.5/lib/src/xldsign.c
Unpacking /datalocal1/ti_components/cg_tools/linux/ti-cgt-arm_5.2.5/lib/src/memchr.c
Unpacking /datalocal1/ti_components/cg_tools/linux/ti-cgt-arm_5.2.5/lib/src/toupper.c
Unpacking /datalocal1/ti_components/cg_tools/linux/ti-cgt-arm_5.2.5/lib/src/ecvt.c
Unpacking /datalocal1/ti_components/cg_tools/linux/ti-cgt-arm_5.2.5/lib/src/xxfmin.h
Unpacking /datalocal1/ti_components/cg_tools/linux/ti-cgt-arm_5.2.5/lib/src/strtoimax.c
Unpacking /datalocal1/ti_components/cg_tools/linux/ti-cgt-arm_5.2.5/lib/src/ull_tofd_t2.asm
Unpacking /datalocal1/ti_components/cg_tools/linux/ti-cgt-arm_5.2.5/lib/src/ull_tofs_t2.asm
Unpacking /datalocal1/ti_components/cg_tools/linux/ti-cgt-arm_5.2.5/lib/src/tan.c
Unpacking /datalocal1/ti_components/cg_tools/linux/ti-cgt-arm_5.2.5/lib/src/strerror.c
Unpacking /datalocal1/ti_components/cg_tools/linux/ti-cgt-arm_5.2.5/lib/src/xtgamma.c
Unpacking /datalocal1/ti_components/cg_tools/linux/ti-cgt-arm_5.2.5/lib/src/toascii.c
Unpacking /datalocal1/ti_components/cg_tools/linux/ti-cgt-arm_5.2.5/lib/src/ltoa.c
Unpacking /datalocal1/ti_components/cg_tools/linux/ti-cgt-arm_5.2.5/lib/src/cbrtf.c
Unpacking /datalocal1/ti_components/cg_tools/linux/ti-cgt-arm_5.2.5/lib/src/cpy_tbl.c
Unpacking /datalocal1/ti_components/cg_tools/linux/ti-cgt-arm_5.2.5/lib/src/strcat.c
Unpacking /datalocal1/ti_components/cg_tools/linux/ti-cgt-arm_5.2.5/lib/src/xfsin.c
Unpacking /datalocal1/ti_components/cg_tools/linux/ti-cgt-arm_5.2.5/lib/src/delnothrow.cpp
Unpacking /datalocal1/ti_components/cg_tools/linux/ti-cgt-arm_5.2.5/lib/src/cfloat
Unpacking /datalocal1/ti_components/cg_tools/linux/ti-cgt-arm_5.2.5/lib/src/sdpbk16.asm
Unpacking /datalocal1/ti_components/cg_tools/linux/ti-cgt-arm_5.2.5/lib/src/cosh.c
Unpacking /datalocal1/ti_components/cg_tools/linux/ti-cgt-arm_5.2.5/lib/src/log1p.c
Unpacking /datalocal1/ti_components/cg_tools/linux/ti-cgt-arm_5.2.5/lib/src/unaligned.asm
Unpacking /datalocal1/ti_components/cg_tools/linux/ti-cgt-arm_5.2.5/lib/src/array_new.cpp
Unpacking /datalocal1/ti_components/cg_tools/linux/ti-cgt-arm_5.2.5/lib/src/fdim.c
Unpacking /datalocal1/ti_components/cg_tools/linux/ti-cgt-arm_5.2.5/lib/src/fd_toi_t2.asm
Unpacking /datalocal1/ti_components/cg_tools/linux/ti-cgt-arm_5.2.5/lib/src/lrintf.c
Unpacking /datalocal1/ti_components/cg_tools/linux/ti-cgt-arm_5.2.5/lib/src/remquol.c
Unpacking /datalocal1/ti_components/cg_tools/linux/ti-cgt-arm_5.2.5/lib/src/lrintl.c
Unpacking /datalocal1/ti_components/cg_tools/linux/ti-cgt-arm_5.2.5/lib/src/sinf.c
Unpacking /datalocal1/ti_components/cg_tools/linux/ti-cgt-arm_5.2.5/lib/src/ilogbl.c
Unpacking /datalocal1/ti_components/cg_tools/linux/ti-cgt-arm_5.2.5/lib/src/tdeh_uwentry16.asm
Unpacking /datalocal1/ti_components/cg_tools/linux/ti-cgt-arm_5.2.5/lib/src/xlatan.c
Unpacking /datalocal1/ti_components/cg_tools/linux/ti-cgt-arm_5.2.5/lib/src/atan.c
Unpacking /datalocal1/ti_components/cg_tools/linux/ti-cgt-arm_5.2.5/lib/src/wlocale.cpp
Unpacking /datalocal1/ti_components/cg_tools/linux/ti-cgt-arm_5.2.5/lib/src/cbrtl.c
Unpacking /datalocal1/ti_components/cg_tools/linux/ti-cgt-arm_5.2.5/lib/src/bzero.c
Unpacking /datalocal1/ti_components/cg_tools/linux/ti-cgt-arm_5.2.5/lib/src/exit.c
Unpacking /datalocal1/ti_components/cg_tools/linux/ti-cgt-arm_5.2.5/lib/src/aeabi_portable.c
Unpacking /datalocal1/ti_components/cg_tools/linux/ti-cgt-arm_5.2.5/lib/src/asinl.c
Unpacking /datalocal1/ti_components/cg_tools/linux/ti-cgt-arm_5.2.5/lib/src/fmodf.c
Unpacking /datalocal1/ti_components/cg_tools/linux/ti-cgt-arm_5.2.5/lib/src/log10.c
Unpacking /datalocal1/ti_components/cg_tools/linux/ti-cgt-arm_5.2.5/lib/src/_pthread.c
Unpacking /datalocal1/ti_components/cg_tools/linux/ti-cgt-arm_5.2.5/lib/src/erfcl.c
Unpacking /datalocal1/ti_components/cg_tools/linux/ti-cgt-arm_5.2.5/lib/src/ungetc.c
Unpacking /datalocal1/ti_components/cg_tools/linux/ti-cgt-arm_5.2.5/lib/src/localtim.c
Unpacking /datalocal1/ti_components/cg_tools/linux/ti-cgt-arm_5.2.5/lib/src/xxround.h
Unpacking /datalocal1/ti_components/cg_tools/linux/ti-cgt-arm_5.2.5/lib/src/atof.c
Unpacking /datalocal1/ti_components/cg_tools/linux/ti-cgt-arm_5.2.5/lib/src/sprintf.c
Unpacking /datalocal1/ti_components/cg_tools/linux/ti-cgt-arm_5.2.5/lib/src/fstream
Unpacking /datalocal1/ti_components/cg_tools/linux/ti-cgt-arm_5.2.5/lib/src/stkdepth_vars.c
Unpacking /datalocal1/ti_components/cg_tools/linux/ti-cgt-arm_5.2.5/lib/src/fsetpos.c
Unpacking /datalocal1/ti_components/cg_tools/linux/ti-cgt-arm_5.2.5/lib/src/xxllround.h
Unpacking /datalocal1/ti_components/cg_tools/linux/ti-cgt-arm_5.2.5/lib/src/truncl.c
Unpacking /datalocal1/ti_components/cg_tools/linux/ti-cgt-arm_5.2.5/lib/src/xxasin.h
Unpacking /datalocal1/ti_components/cg_tools/linux/ti-cgt-arm_5.2.5/lib/src/ll_tofd16.asm
Unpacking /datalocal1/ti_components/cg_tools/linux/ti-cgt-arm_5.2.5/lib/src/file.h
Unpacking /datalocal1/ti_components/cg_tools/linux/ti-cgt-arm_5.2.5/lib/src/xxxsinh.h
Unpacking /datalocal1/ti_components/cg_tools/linux/ti-cgt-arm_5.2.5/lib/src/stox.c
Unpacking /datalocal1/ti_components/cg_tools/linux/ti-cgt-arm_5.2.5/lib/src/xlpoly.c
Unpacking /datalocal1/ti_components/cg_tools/linux/ti-cgt-arm_5.2.5/lib/src/fgetpos.c
Unpacking /datalocal1/ti_components/cg_tools/linux/ti-cgt-arm_5.2.5/lib/src/fs_add32.asm
Unpacking /datalocal1/ti_components/cg_tools/linux/ti-cgt-arm_5.2.5/lib/src/etsi.h
Unpacking /datalocal1/ti_components/cg_tools/linux/ti-cgt-arm_5.2.5/lib/src/cstdio
Unpacking /datalocal1/ti_components/cg_tools/linux/ti-cgt-arm_5.2.5/lib/src/nan.c
Unpacking /datalocal1/ti_components/cg_tools/linux/ti-cgt-arm_5.2.5/lib/src/fd_mul_t2.asm
Unpacking /datalocal1/ti_components/cg_tools/linux/ti-cgt-arm_5.2.5/lib/src/log1pf.c
Unpacking /datalocal1/ti_components/cg_tools/linux/ti-cgt-arm_5.2.5/lib/src/format.h
Unpacking /datalocal1/ti_components/cg_tools/linux/ti-cgt-arm_5.2.5/lib/src/xlocinfo.h
Unpacking /datalocal1/ti_components/cg_tools/linux/ti-cgt-arm_5.2.5/lib/src/xexp.c
Unpacking /datalocal1/ti_components/cg_tools/linux/ti-cgt-arm_5.2.5/lib/src/ciso646
Unpacking /datalocal1/ti_components/cg_tools/linux/ti-cgt-arm_5.2.5/lib/src/printf.c
Unpacking /datalocal1/ti_components/cg_tools/linux/ti-cgt-arm_5.2.5/lib/src/xwcc.h
Unpacking /datalocal1/ti_components/cg_tools/linux/ti-cgt-arm_5.2.5/lib/src/acos.c
Unpacking /datalocal1/ti_components/cg_tools/linux/ti-cgt-arm_5.2.5/lib/src/log2.c
Unpacking /datalocal1/ti_components/cg_tools/linux/ti-cgt-arm_5.2.5/lib/src/fgets.c
Unpacking /datalocal1/ti_components/cg_tools/linux/ti-cgt-arm_5.2.5/lib/src/_isfuncdef.h
Unpacking /datalocal1/ti_components/cg_tools/linux/ti-cgt-arm_5.2.5/lib/src/feholdexcept.c
Unpacking /datalocal1/ti_components/cg_tools/linux/ti-cgt-arm_5.2.5/lib/src/defines.h
Unpacking /datalocal1/ti_components/cg_tools/linux/ti-cgt-arm_5.2.5/lib/src/locale0.cpp
Unpacking /datalocal1/ti_components/cg_tools/linux/ti-cgt-arm_5.2.5/lib/src/stkdepth.c
Unpacking /datalocal1/ti_components/cg_tools/linux/ti-cgt-arm_5.2.5/lib/src/xsinh.c
Unpacking /datalocal1/ti_components/cg_tools/linux/ti-cgt-arm_5.2.5/lib/src/xxxdsign.h
Unpacking /datalocal1/ti_components/cg_tools/linux/ti-cgt-arm_5.2.5/lib/src/iostream.h
Unpacking /datalocal1/ti_components/cg_tools/linux/ti-cgt-arm_5.2.5/lib/src/xfpoly.c
Unpacking /datalocal1/ti_components/cg_tools/linux/ti-cgt-arm_5.2.5/lib/src/trgcio.h
Unpacking /datalocal1/ti_components/cg_tools/linux/ti-cgt-arm_5.2.5/lib/src/lgamma.c
Unpacking /datalocal1/ti_components/cg_tools/linux/ti-cgt-arm_5.2.5/lib/src/xlocale.cpp
Unpacking /datalocal1/ti_components/cg_tools/linux/ti-cgt-arm_5.2.5/lib/src/memcpy_t2.asm
Unpacking /datalocal1/ti_components/cg_tools/linux/ti-cgt-arm_5.2.5/lib/src/truncf.c
Unpacking /datalocal1/ti_components/cg_tools/linux/ti-cgt-arm_5.2.5/lib/src/xferaise.c
Unpacking /datalocal1/ti_components/cg_tools/linux/ti-cgt-arm_5.2.5/lib/src/xxxlgamma.h
Unpacking /datalocal1/ti_components/cg_tools/linux/ti-cgt-arm_5.2.5/lib/src/xerfc.c
Unpacking /datalocal1/ti_components/cg_tools/linux/ti-cgt-arm_5.2.5/lib/src/xxfabs.h
Unpacking /datalocal1/ti_components/cg_tools/linux/ti-cgt-arm_5.2.5/lib/src/xxlog2.h
Unpacking /datalocal1/ti_components/cg_tools/linux/ti-cgt-arm_5.2.5/lib/src/memccpy.c
Unpacking /datalocal1/ti_components/cg_tools/linux/ti-cgt-arm_5.2.5/lib/src/atanhf.c
Unpacking /datalocal1/ti_components/cg_tools/linux/ti-cgt-arm_5.2.5/lib/src/eh.h
Unpacking /datalocal1/ti_components/cg_tools/linux/ti-cgt-arm_5.2.5/lib/src/asinf.c
Unpacking /datalocal1/ti_components/cg_tools/linux/ti-cgt-arm_5.2.5/lib/src/tdeh_cpp_abi.cpp
Unpacking /datalocal1/ti_components/cg_tools/linux/ti-cgt-arm_5.2.5/lib/src/no_stm_memset_t2.asm
Unpacking /datalocal1/ti_components/cg_tools/linux/ti-cgt-arm_5.2.5/lib/src/i_tofd_t2.asm
Unpacking /datalocal1/ti_components/cg_tools/linux/ti-cgt-arm_5.2.5/lib/src/xxcctype.h
Unpacking /datalocal1/ti_components/cg_tools/linux/ti-cgt-arm_5.2.5/lib/src/fd_div16.asm
Unpacking /datalocal1/ti_components/cg_tools/linux/ti-cgt-arm_5.2.5/lib/src/stdbool.h
Unpacking /datalocal1/ti_components/cg_tools/linux/ti-cgt-arm_5.2.5/lib/src/xxremainder.h
Unpacking /datalocal1/ti_components/cg_tools/linux/ti-cgt-arm_5.2.5/lib/src/sdpbk32.asm
Unpacking /datalocal1/ti_components/cg_tools/linux/ti-cgt-arm_5.2.5/lib/src/sdpbk_t2.asm
Unpacking /datalocal1/ti_components/cg_tools/linux/ti-cgt-arm_5.2.5/lib/src/xxacos.h
Unpacking /datalocal1/ti_components/cg_tools/linux/ti-cgt-arm_5.2.5/lib/src/ll_lsl_t2.asm
Unpacking /datalocal1/ti_components/cg_tools/linux/ti-cgt-arm_5.2.5/lib/src/fwide.c
Unpacking /datalocal1/ti_components/cg_tools/linux/ti-cgt-arm_5.2.5/lib/src/sscanf.c
Unpacking /datalocal1/ti_components/cg_tools/linux/ti-cgt-arm_5.2.5/lib/src/ull_div32.asm
Unpacking /datalocal1/ti_components/cg_tools/linux/ti-cgt-arm_5.2.5/lib/src/fmaxf.c
Unpacking /datalocal1/ti_components/cg_tools/linux/ti-cgt-arm_5.2.5/lib/src/ull_tofd_ti_vfp.c
Unpacking /datalocal1/ti_components/cg_tools/linux/ti-cgt-arm_5.2.5/lib/src/time.c
Unpacking /datalocal1/ti_components/cg_tools/linux/ti-cgt-arm_5.2.5/lib/src/tanf.c
Unpacking /datalocal1/ti_components/cg_tools/linux/ti-cgt-arm_5.2.5/lib/src/ull_tofd16.asm
Unpacking /datalocal1/ti_components/cg_tools/linux/ti-cgt-arm_5.2.5/lib/src/xxilogb.h
Unpacking /datalocal1/ti_components/cg_tools/linux/ti-cgt-arm_5.2.5/lib/src/trunc.c
Unpacking /datalocal1/ti_components/cg_tools/linux/ti-cgt-arm_5.2.5/lib/src/fd_eabi_t2.asm
Unpacking /datalocal1/ti_components/cg_tools/linux/ti-cgt-arm_5.2.5/lib/src/yvals.h
Unpacking /datalocal1/ti_components/cg_tools/linux/ti-cgt-arm_5.2.5/lib/src/basics.h
Unpacking /datalocal1/ti_components/cg_tools/linux/ti-cgt-arm_5.2.5/lib/src/fputs.c
Unpacking /datalocal1/ti_components/cg_tools/linux/ti-cgt-arm_5.2.5/lib/src/umull16.asm
Unpacking /datalocal1/ti_components/cg_tools/linux/ti-cgt-arm_5.2.5/lib/src/coshf.c
Unpacking /datalocal1/ti_components/cg_tools/linux/ti-cgt-arm_5.2.5/lib/src/xxfma.h
Unpacking /datalocal1/ti_components/cg_tools/linux/ti-cgt-arm_5.2.5/lib/src/memmove_eabi.asm
Unpacking /datalocal1/ti_components/cg_tools/linux/ti-cgt-arm_5.2.5/lib/src/Compiler.h
Unpacking /datalocal1/ti_components/cg_tools/linux/ti-cgt-arm_5.2.5/lib/src/xfpcomp.c
Unpacking /datalocal1/ti_components/cg_tools/linux/ti-cgt-arm_5.2.5/lib/src/ftell.c
Unpacking /datalocal1/ti_components/cg_tools/linux/ti-cgt-arm_5.2.5/lib/src/isalnum.c
Unpacking /datalocal1/ti_components/cg_tools/linux/ti-cgt-arm_5.2.5/lib/src/elf_linkage.h
Unpacking /datalocal1/ti_components/cg_tools/linux/ti-cgt-arm_5.2.5/lib/src/_dtor_list.h
Unpacking /datalocal1/ti_components/cg_tools/linux/ti-cgt-arm_5.2.5/lib/src/error.h
Unpacking /datalocal1/ti_components/cg_tools/linux/ti-cgt-arm_5.2.5/lib/src/fs_toi_t2.asm
Unpacking /datalocal1/ti_components/cg_tools/linux/ti-cgt-arm_5.2.5/lib/src/iostream
Unpacking /datalocal1/ti_components/cg_tools/linux/ti-cgt-arm_5.2.5/lib/src/tgamma.c
Unpacking /datalocal1/ti_components/cg_tools/linux/ti-cgt-arm_5.2.5/lib/src/llrint.c
Unpacking /datalocal1/ti_components/cg_tools/linux/ti-cgt-arm_5.2.5/lib/src/cxxabi.h
Unpacking /datalocal1/ti_components/cg_tools/linux/ti-cgt-arm_5.2.5/lib/src/remquof.c
Unpacking /datalocal1/ti_components/cg_tools/linux/ti-cgt-arm_5.2.5/lib/src/iostream.cpp
Unpacking /datalocal1/ti_components/cg_tools/linux/ti-cgt-arm_5.2.5/lib/src/asinhf.c
Unpacking /datalocal1/ti_components/cg_tools/linux/ti-cgt-arm_5.2.5/lib/src/delete.cpp
Unpacking /datalocal1/ti_components/cg_tools/linux/ti-cgt-arm_5.2.5/lib/src/ll_asr_t2.asm
Unpacking /datalocal1/ti_components/cg_tools/linux/ti-cgt-arm_5.2.5/lib/src/fenv.h
Unpacking /datalocal1/ti_components/cg_tools/linux/ti-cgt-arm_5.2.5/lib/src/xxrint.h
Unpacking /datalocal1/ti_components/cg_tools/linux/ti-cgt-arm_5.2.5/lib/src/fs_mul_t2.asm
Unpacking /datalocal1/ti_components/cg_tools/linux/ti-cgt-arm_5.2.5/lib/src/feclearexcept.c
Unpacking /datalocal1/ti_components/cg_tools/linux/ti-cgt-arm_5.2.5/lib/src/ldexpl.c
Unpacking /datalocal1/ti_components/cg_tools/linux/ti-cgt-arm_5.2.5/lib/src/xdunscal.c
Unpacking /datalocal1/ti_components/cg_tools/linux/ti-cgt-arm_5.2.5/lib/src/memcpy16.asm
Unpacking /datalocal1/ti_components/cg_tools/linux/ti-cgt-arm_5.2.5/lib/src/multibyte.c
Unpacking /datalocal1/ti_components/cg_tools/linux/ti-cgt-arm_5.2.5/lib/src/hypot.c
Unpacking /datalocal1/ti_components/cg_tools/linux/ti-cgt-arm_5.2.5/lib/src/_data_synch.c
Unpacking /datalocal1/ti_components/cg_tools/linux/ti-cgt-arm_5.2.5/lib/src/copy_decompress_rle.c
Unpacking /datalocal1/ti_components/cg_tools/linux/ti-cgt-arm_5.2.5/lib/src/nearbyintf.c
Unpacking /datalocal1/ti_components/cg_tools/linux/ti-cgt-arm_5.2.5/lib/src/xxexpm1.h
Unpacking /datalocal1/ti_components/cg_tools/linux/ti-cgt-arm_5.2.5/lib/src/xltgamma.c
Unpacking /datalocal1/ti_components/cg_tools/linux/ti-cgt-arm_5.2.5/lib/src/lldiv.c
Unpacking /datalocal1/ti_components/cg_tools/linux/ti-cgt-arm_5.2.5/lib/src/perror.c
Unpacking /datalocal1/ti_components/cg_tools/linux/ti-cgt-arm_5.2.5/lib/src/cbrt.c
Unpacking /datalocal1/ti_components/cg_tools/linux/ti-cgt-arm_5.2.5/lib/src/placedel.cpp
Unpacking /datalocal1/ti_components/cg_tools/linux/ti-cgt-arm_5.2.5/lib/src/xdsign.c
Unpacking /datalocal1/ti_components/cg_tools/linux/ti-cgt-arm_5.2.5/lib/src/xxxcosh.h
Unpacking /datalocal1/ti_components/cg_tools/linux/ti-cgt-arm_5.2.5/lib/src/rintf.c
Unpacking /datalocal1/ti_components/cg_tools/linux/ti-cgt-arm_5.2.5/lib/src/stddef.h
Unpacking /datalocal1/ti_components/cg_tools/linux/ti-cgt-arm_5.2.5/lib/src/wchar.h
Unpacking /datalocal1/ti_components/cg_tools/linux/ti-cgt-arm_5.2.5/lib/src/tdeh_pr_arm.cpp
Unpacking /datalocal1/ti_components/cg_tools/linux/ti-cgt-arm_5.2.5/lib/src/vtbl.h
Unpacking /datalocal1/ti_components/cg_tools/linux/ti-cgt-arm_5.2.5/lib/src/fs_tou16.asm
Unpacking /datalocal1/ti_components/cg_tools/linux/ti-cgt-arm_5.2.5/lib/src/xxlround.h
Unpacking /datalocal1/ti_components/cg_tools/linux/ti-cgt-arm_5.2.5/lib/src/raisehan.cpp
Unpacking /datalocal1/ti_components/cg_tools/linux/ti-cgt-arm_5.2.5/lib/src/strstrea.cpp
Unpacking /datalocal1/ti_components/cg_tools/linux/ti-cgt-arm_5.2.5/lib/src/cerrno
Unpacking /datalocal1/ti_components/cg_tools/linux/ti-cgt-arm_5.2.5/lib/src/strxfrm.c
Unpacking /datalocal1/ti_components/cg_tools/linux/ti-cgt-arm_5.2.5/lib/src/xlfpcomp.c
Unpacking /datalocal1/ti_components/cg_tools/linux/ti-cgt-arm_5.2.5/lib/src/time.h
Unpacking /datalocal1/ti_components/cg_tools/linux/ti-cgt-arm_5.2.5/lib/src/bcopy.c
Unpacking /datalocal1/ti_components/cg_tools/linux/ti-cgt-arm_5.2.5/lib/src/vla_alloc.h
Unpacking /datalocal1/ti_components/cg_tools/linux/ti-cgt-arm_5.2.5/lib/src/xfdint.c
Unpacking /datalocal1/ti_components/cg_tools/linux/ti-cgt-arm_5.2.5/lib/src/_mutex.c
Unpacking /datalocal1/ti_components/cg_tools/linux/ti-cgt-arm_5.2.5/lib/src/xxcos.h
Unpacking /datalocal1/ti_components/cg_tools/linux/ti-cgt-arm_5.2.5/lib/src/exp2.c
Unpacking /datalocal1/ti_components/cg_tools/linux/ti-cgt-arm_5.2.5/lib/src/trgmsg.c
Unpacking /datalocal1/ti_components/cg_tools/linux/ti-cgt-arm_5.2.5/lib/src/ldiv.c
Unpacking /datalocal1/ti_components/cg_tools/linux/ti-cgt-arm_5.2.5/lib/src/throw.cpp
Unpacking /datalocal1/ti_components/cg_tools/linux/ti-cgt-arm_5.2.5/lib/src/xfsinh.c
Unpacking /datalocal1/ti_components/cg_tools/linux/ti-cgt-arm_5.2.5/lib/src/strcoll.c
Unpacking /datalocal1/ti_components/cg_tools/linux/ti-cgt-arm_5.2.5/lib/src/xxsinh.h
Unpacking /datalocal1/ti_components/cg_tools/linux/ti-cgt-arm_5.2.5/lib/src/signal.h
Unpacking /datalocal1/ti_components/cg_tools/linux/ti-cgt-arm_5.2.5/lib/src/xldscale.c
Unpacking /datalocal1/ti_components/cg_tools/linux/ti-cgt-arm_5.2.5/lib/src/scalblnf.c
Unpacking /datalocal1/ti_components/cg_tools/linux/ti-cgt-arm_5.2.5/lib/src/iomanip.h
Unpacking /datalocal1/ti_components/cg_tools/linux/ti-cgt-arm_5.2.5/lib/src/mktime.c
Unpacking /datalocal1/ti_components/cg_tools/linux/ti-cgt-arm_5.2.5/lib/src/islower.c
Unpacking /datalocal1/ti_components/cg_tools/linux/ti-cgt-arm_5.2.5/lib/src/xxlogb.h
Unpacking /datalocal1/ti_components/cg_tools/linux/ti-cgt-arm_5.2.5/lib/src/float.h
Unpacking /datalocal1/ti_components/cg_tools/linux/ti-cgt-arm_5.2.5/lib/src/setjmp_t2.asm
Unpacking /datalocal1/ti_components/cg_tools/linux/ti-cgt-arm_5.2.5/lib/src/algorithm
Unpacking /datalocal1/ti_components/cg_tools/linux/ti-cgt-arm_5.2.5/lib/src/memcpy.c
Unpacking /datalocal1/ti_components/cg_tools/linux/ti-cgt-arm_5.2.5/lib/src/boot.asm
Unpacking /datalocal1/ti_components/cg_tools/linux/ti-cgt-arm_5.2.5/lib/src/acosf.c
Unpacking /datalocal1/ti_components/cg_tools/linux/ti-cgt-arm_5.2.5/lib/src/exception
Unpacking /datalocal1/ti_components/cg_tools/linux/ti-cgt-arm_5.2.5/lib/src/tmpnam.c
Unpacking /datalocal1/ti_components/cg_tools/linux/ti-cgt-arm_5.2.5/lib/src/xxldexp.h
Unpacking /datalocal1/ti_components/cg_tools/linux/ti-cgt-arm_5.2.5/lib/src/linkage.h
Unpacking /datalocal1/ti_components/cg_tools/linux/ti-cgt-arm_5.2.5/lib/src/ll_tofs32.asm
Unpacking /datalocal1/ti_components/cg_tools/linux/ti-cgt-arm_5.2.5/lib/src/xxcosh.h
Unpacking /datalocal1/ti_components/cg_tools/linux/ti-cgt-arm_5.2.5/lib/src/hash_map
Unpacking /datalocal1/ti_components/cg_tools/linux/ti-cgt-arm_5.2.5/lib/src/fd_toull_ti_vfp.c
Unpacking /datalocal1/ti_components/cg_tools/linux/ti-cgt-arm_5.2.5/lib/src/fwrite.c
Unpacking /datalocal1/ti_components/cg_tools/linux/ti-cgt-arm_5.2.5/lib/src/fflush.c
Unpacking /datalocal1/ti_components/cg_tools/linux/ti-cgt-arm_5.2.5/lib/src/xfpostox.cpp
Unpacking /datalocal1/ti_components/cg_tools/linux/ti-cgt-arm_5.2.5/lib/src/xldclass.c
Unpacking /datalocal1/ti_components/cg_tools/linux/ti-cgt-arm_5.2.5/lib/src/strcspn.c
Unpacking /datalocal1/ti_components/cg_tools/linux/ti-cgt-arm_5.2.5/lib/src/iosfwd
Unpacking /datalocal1/ti_components/cg_tools/linux/ti-cgt-arm_5.2.5/lib/src/asinhl.c
Unpacking /datalocal1/ti_components/cg_tools/linux/ti-cgt-arm_5.2.5/lib/src/isxdigit.c
Unpacking /datalocal1/ti_components/cg_tools/linux/ti-cgt-arm_5.2.5/lib/src/new.h
Unpacking /datalocal1/ti_components/cg_tools/linux/ti-cgt-arm_5.2.5/lib/src/tdeh_common.h
Unpacking /datalocal1/ti_components/cg_tools/linux/ti-cgt-arm_5.2.5/lib/src/xlcosh.c
Unpacking /datalocal1/ti_components/cg_tools/linux/ti-cgt-arm_5.2.5/lib/src/strncpy.c
Unpacking /datalocal1/ti_components/cg_tools/linux/ti-cgt-arm_5.2.5/lib/src/feof.c
Unpacking /datalocal1/ti_components/cg_tools/linux/ti-cgt-arm_5.2.5/lib/src/xxscalbn.h
Unpacking /datalocal1/ti_components/cg_tools/linux/ti-cgt-arm_5.2.5/lib/src/fd_tou_t2.asm
Unpacking /datalocal1/ti_components/cg_tools/linux/ti-cgt-arm_5.2.5/lib/src/typeinfo_.cpp
Unpacking /datalocal1/ti_components/cg_tools/linux/ti-cgt-arm_5.2.5/lib/src/fs_toll_t2.asm
Unpacking /datalocal1/ti_components/cg_tools/linux/ti-cgt-arm_5.2.5/lib/src/xxtanh.h
Unpacking /datalocal1/ti_components/cg_tools/linux/ti-cgt-arm_5.2.5/lib/src/fputc.c
Unpacking /datalocal1/ti_components/cg_tools/linux/ti-cgt-arm_5.2.5/lib/src/xxlog1p.h
Unpacking /datalocal1/ti_components/cg_tools/linux/ti-cgt-arm_5.2.5/lib/src/xxxerfc.h
Unpacking /datalocal1/ti_components/cg_tools/linux/ti-cgt-arm_5.2.5/lib/src/ll_tofs16.asm
Unpacking /datalocal1/ti_components/cg_tools/linux/ti-cgt-arm_5.2.5/lib/src/_scanfi_nf.c
Unpacking /datalocal1/ti_components/cg_tools/linux/ti-cgt-arm_5.2.5/lib/src/strtol.c
Unpacking /datalocal1/ti_components/cg_tools/linux/ti-cgt-arm_5.2.5/lib/src/_scanfi.c
Unpacking /datalocal1/ti_components/cg_tools/linux/ti-cgt-arm_5.2.5/lib/src/array_del.cpp
Unpacking /datalocal1/ti_components/cg_tools/linux/ti-cgt-arm_5.2.5/lib/src/xxxdclass.h
Unpacking /datalocal1/ti_components/cg_tools/linux/ti-cgt-arm_5.2.5/lib/src/exp.c
Unpacking /datalocal1/ti_components/cg_tools/linux/ti-cgt-arm_5.2.5/lib/src/fs_toi32.asm
Unpacking /datalocal1/ti_components/cg_tools/linux/ti-cgt-arm_5.2.5/lib/src/strstream.h
Unpacking /datalocal1/ti_components/cg_tools/linux/ti-cgt-arm_5.2.5/lib/src/strtoumax.c
Unpacking /datalocal1/ti_components/cg_tools/linux/ti-cgt-arm_5.2.5/lib/src/logbl.c
Unpacking /datalocal1/ti_components/cg_tools/linux/ti-cgt-arm_5.2.5/lib/src/placenew.cpp
Unpacking /datalocal1/ti_components/cg_tools/linux/ti-cgt-arm_5.2.5/lib/src/logb.c
Unpacking /datalocal1/ti_components/cg_tools/linux/ti-cgt-arm_5.2.5/lib/src/ll_tofd_ti_vfp.c
Unpacking /datalocal1/ti_components/cg_tools/linux/ti-cgt-arm_5.2.5/lib/src/limits.cpp
Unpacking /datalocal1/ti_components/cg_tools/linux/ti-cgt-arm_5.2.5/lib/src/fs_toll32.asm
Unpacking /datalocal1/ti_components/cg_tools/linux/ti-cgt-arm_5.2.5/lib/src/hash_set
Unpacking /datalocal1/ti_components/cg_tools/linux/ti-cgt-arm_5.2.5/lib/src/powf.c
Unpacking /datalocal1/ti_components/cg_tools/linux/ti-cgt-arm_5.2.5/lib/src/fs_tou_t2.asm
Unpacking /datalocal1/ti_components/cg_tools/linux/ti-cgt-arm_5.2.5/lib/src/xxatan2.h
Unpacking /datalocal1/ti_components/cg_tools/linux/ti-cgt-arm_5.2.5/lib/src/xxmodf.h
Unpacking /datalocal1/ti_components/cg_tools/linux/ti-cgt-arm_5.2.5/lib/src/string.h
Unpacking /datalocal1/ti_components/cg_tools/linux/ti-cgt-arm_5.2.5/lib/src/fprintf.c
Unpacking /datalocal1/ti_components/cg_tools/linux/ti-cgt-arm_5.2.5/lib/src/xldnorm.c
Unpacking /datalocal1/ti_components/cg_tools/linux/ti-cgt-arm_5.2.5/lib/src/fclose.c
Unpacking /datalocal1/ti_components/cg_tools/linux/ti-cgt-arm_5.2.5/lib/src/fd_cmp32.asm
Unpacking /datalocal1/ti_components/cg_tools/linux/ti-cgt-arm_5.2.5/lib/src/index.c
Unpacking /datalocal1/ti_components/cg_tools/linux/ti-cgt-arm_5.2.5/lib/src/cwchar
Unpacking /datalocal1/ti_components/cg_tools/linux/ti-cgt-arm_5.2.5/lib/src/acosh.c
Unpacking /datalocal1/ti_components/cg_tools/linux/ti-cgt-arm_5.2.5/lib/src/i_tofs_t2.asm
Unpacking /datalocal1/ti_components/cg_tools/linux/ti-cgt-arm_5.2.5/lib/src/llrintf.c
Unpacking /datalocal1/ti_components/cg_tools/linux/ti-cgt-arm_5.2.5/lib/src/inttypes.h
Unpacking /datalocal1/ti_components/cg_tools/linux/ti-cgt-arm_5.2.5/lib/src/strings.h
Unpacking /datalocal1/ti_components/cg_tools/linux/ti-cgt-arm_5.2.5/lib/src/csignal
Unpacking /datalocal1/ti_components/cg_tools/linux/ti-cgt-arm_5.2.5/lib/src/xsin.c
Unpacking /datalocal1/ti_components/cg_tools/linux/ti-cgt-arm_5.2.5/lib/src/ull_cmp_t2.asm
Unpacking /datalocal1/ti_components/cg_tools/linux/ti-cgt-arm_5.2.5/lib/src/xxdftype.h
Unpacking /datalocal1/ti_components/cg_tools/linux/ti-cgt-arm_5.2.5/lib/src/ll_div32.asm
Unpacking /datalocal1/ti_components/cg_tools/linux/ti-cgt-arm_5.2.5/lib/src/ull_div_t2.asm
Unpacking /datalocal1/ti_components/cg_tools/linux/ti-cgt-arm_5.2.5/lib/src/errno.c
Unpacking /datalocal1/ti_components/cg_tools/linux/ti-cgt-arm_5.2.5/lib/src/fread.c
Unpacking /datalocal1/ti_components/cg_tools/linux/ti-cgt-arm_5.2.5/lib/src/runtime.h
Unpacking /datalocal1/ti_components/cg_tools/linux/ti-cgt-arm_5.2.5/lib/src/ffs.c
Unpacking /datalocal1/ti_components/cg_tools/linux/ti-cgt-arm_5.2.5/lib/src/ull_div16.asm
Unpacking /datalocal1/ti_components/cg_tools/linux/ti-cgt-arm_5.2.5/lib/src/nexttoward.c
Unpacking /datalocal1/ti_components/cg_tools/linux/ti-cgt-arm_5.2.5/lib/src/u_tofd32.asm
Unpacking /datalocal1/ti_components/cg_tools/linux/ti-cgt-arm_5.2.5/lib/src/isspace.c
Unpacking /datalocal1/ti_components/cg_tools/linux/ti-cgt-arm_5.2.5/lib/src/bcmp.c
Unpacking /datalocal1/ti_components/cg_tools/linux/ti-cgt-arm_5.2.5/lib/src/strtod.c
Unpacking /datalocal1/ti_components/cg_tools/linux/ti-cgt-arm_5.2.5/lib/src/fdiml.c
Unpacking /datalocal1/ti_components/cg_tools/linux/ti-cgt-arm_5.2.5/lib/src/sinit.c
Unpacking /datalocal1/ti_components/cg_tools/linux/ti-cgt-arm_5.2.5/lib/src/fs_eabi_t2.asm
Unpacking /datalocal1/ti_components/cg_tools/linux/ti-cgt-arm_5.2.5/lib/src/logbf.c
Unpacking /datalocal1/ti_components/cg_tools/linux/ti-cgt-arm_5.2.5/lib/src/acosl.c
Unpacking /datalocal1/ti_components/cg_tools/linux/ti-cgt-arm_5.2.5/lib/src/cosf.c
Unpacking /datalocal1/ti_components/cg_tools/linux/ti-cgt-arm_5.2.5/lib/src/ll_tofs_ti_vfp.c
Unpacking /datalocal1/ti_components/cg_tools/linux/ti-cgt-arm_5.2.5/lib/src/cwctype
Unpacking /datalocal1/ti_components/cg_tools/linux/ti-cgt-arm_5.2.5/lib/src/fd_eabi.asm
Unpacking /datalocal1/ti_components/cg_tools/linux/ti-cgt-arm_5.2.5/lib/src/xxlog.h
Unpacking /datalocal1/ti_components/cg_tools/linux/ti-cgt-arm_5.2.5/lib/src/frexp.c
Unpacking /datalocal1/ti_components/cg_tools/linux/ti-cgt-arm_5.2.5/lib/src/ctype.h
Unpacking /datalocal1/ti_components/cg_tools/linux/ti-cgt-arm_5.2.5/lib/src/tdeh_uwentry_arm.asm
Unpacking /datalocal1/ti_components/cg_tools/linux/ti-cgt-arm_5.2.5/lib/src/atan2l.c
Unpacking /datalocal1/ti_components/cg_tools/linux/ti-cgt-arm_5.2.5/lib/src/xxfmax.h
Unpacking /datalocal1/ti_components/cg_tools/linux/ti-cgt-arm_5.2.5/lib/src/tolower.c
Unpacking /datalocal1/ti_components/cg_tools/linux/ti-cgt-arm_5.2.5/lib/src/roundl.c
Unpacking /datalocal1/ti_components/cg_tools/linux/ti-cgt-arm_5.2.5/lib/src/nearbyint.c
Unpacking /datalocal1/ti_components/cg_tools/linux/ti-cgt-arm_5.2.5/lib/src/stdlib.h
Unpacking /datalocal1/ti_components/cg_tools/linux/ti-cgt-arm_5.2.5/lib/src/Compiler_Cfg.h
Unpacking /datalocal1/ti_components/cg_tools/linux/ti-cgt-arm_5.2.5/lib/src/rtti.cpp
Unpacking /datalocal1/ti_components/cg_tools/linux/ti-cgt-arm_5.2.5/lib/src/strtold.c
Unpacking /datalocal1/ti_components/cg_tools/linux/ti-cgt-arm_5.2.5/lib/src/fd_toi32.asm
Unpacking /datalocal1/ti_components/cg_tools/linux/ti-cgt-arm_5.2.5/lib/src/nanf.c
Unpacking /datalocal1/ti_components/cg_tools/linux/ti-cgt-arm_5.2.5/lib/src/xxnearbyint.h
Unpacking /datalocal1/ti_components/cg_tools/linux/ti-cgt-arm_5.2.5/lib/src/xflog.c
Unpacking /datalocal1/ti_components/cg_tools/linux/ti-cgt-arm_5.2.5/lib/src/xfdsign.c
Unpacking /datalocal1/ti_components/cg_tools/linux/ti-cgt-arm_5.2.5/lib/src/tanhf.c
Unpacking /datalocal1/ti_components/cg_tools/linux/ti-cgt-arm_5.2.5/lib/src/xxacosh.h
Unpacking /datalocal1/ti_components/cg_tools/linux/ti-cgt-arm_5.2.5/lib/src/sinhf.c
Unpacking /datalocal1/ti_components/cg_tools/linux/ti-cgt-arm_5.2.5/lib/src/_lock.c
Unpacking /datalocal1/ti_components/cg_tools/linux/ti-cgt-arm_5.2.5/lib/src/tgammal.c
Unpacking /datalocal1/ti_components/cg_tools/linux/ti-cgt-arm_5.2.5/lib/src/fdimf.c
Unpacking /datalocal1/ti_components/cg_tools/linux/ti-cgt-arm_5.2.5/lib/src/fabs.c
Unpacking /datalocal1/ti_components/cg_tools/linux/ti-cgt-arm_5.2.5/lib/src/labs.c
Unpacking /datalocal1/ti_components/cg_tools/linux/ti-cgt-arm_5.2.5/lib/src/memset16.asm
Unpacking /datalocal1/ti_components/cg_tools/linux/ti-cgt-arm_5.2.5/lib/src/expl.c
Unpacking /datalocal1/ti_components/cg_tools/linux/ti-cgt-arm_5.2.5/lib/src/xxasinh.h
Unpacking /datalocal1/ti_components/cg_tools/linux/ti-cgt-arm_5.2.5/lib/src/climits
Unpacking /datalocal1/ti_components/cg_tools/linux/ti-cgt-arm_5.2.5/lib/src/cstdlib
Unpacking /datalocal1/ti_components/cg_tools/linux/ti-cgt-arm_5.2.5/lib/src/logf.c
Unpacking /datalocal1/ti_components/cg_tools/linux/ti-cgt-arm_5.2.5/lib/src/etsi_funcs.c
Unpacking /datalocal1/ti_components/cg_tools/linux/ti-cgt-arm_5.2.5/lib/src/wctype.h
Unpacking /datalocal1/ti_components/cg_tools/linux/ti-cgt-arm_5.2.5/lib/src/atol.c
Unpacking /datalocal1/ti_components/cg_tools/linux/ti-cgt-arm_5.2.5/lib/src/strcmp.c
Unpacking /datalocal1/ti_components/cg_tools/linux/ti-cgt-arm_5.2.5/lib/src/xfexp.c
Unpacking /datalocal1/ti_components/cg_tools/linux/ti-cgt-arm_5.2.5/lib/src/memset_t2.asm
Unpacking /datalocal1/ti_components/cg_tools/linux/ti-cgt-arm_5.2.5/lib/src/xferfc.c
Unpacking /datalocal1/ti_components/cg_tools/linux/ti-cgt-arm_5.2.5/lib/src/gmtime.c
Unpacking /datalocal1/ti_components/cg_tools/linux/ti-cgt-arm_5.2.5/lib/src/sinl.c
Unpacking /datalocal1/ti_components/cg_tools/linux/ti-cgt-arm_5.2.5/lib/src/xdnorm.c
Unpacking /datalocal1/ti_components/cg_tools/linux/ti-cgt-arm_5.2.5/lib/src/ll_lsl16.asm
Unpacking /datalocal1/ti_components/cg_tools/linux/ti-cgt-arm_5.2.5/lib/src/fd_cmp16.asm
Unpacking /datalocal1/ti_components/cg_tools/linux/ti-cgt-arm_5.2.5/lib/src/_pthread.h
Unpacking /datalocal1/ti_components/cg_tools/linux/ti-cgt-arm_5.2.5/lib/src/feraiseexcept.c
Unpacking /datalocal1/ti_components/cg_tools/linux/ti-cgt-arm_5.2.5/lib/src/fd_div_t2.asm
Unpacking /datalocal1/ti_components/cg_tools/linux/ti-cgt-arm_5.2.5/lib/src/mathcpp.h
Unpacking /datalocal1/ti_components/cg_tools/linux/ti-cgt-arm_5.2.5/lib/src/ll_lsr16.asm
Unpacking /datalocal1/ti_components/cg_tools/linux/ti-cgt-arm_5.2.5/lib/src/bitset
Unpacking /datalocal1/ti_components/cg_tools/linux/ti-cgt-arm_5.2.5/lib/src/fs_mul32.asm
Unpacking /datalocal1/ti_components/cg_tools/linux/ti-cgt-arm_5.2.5/lib/src/guard.cpp
Unpacking /datalocal1/ti_components/cg_tools/linux/ti-cgt-arm_5.2.5/lib/src/icall32.asm
Unpacking /datalocal1/ti_components/cg_tools/linux/ti-cgt-arm_5.2.5/lib/src/limits.h
Unpacking /datalocal1/ti_components/cg_tools/linux/ti-cgt-arm_5.2.5/lib/src/pre_init.c
Unpacking /datalocal1/ti_components/cg_tools/linux/ti-cgt-arm_5.2.5/lib/src/strncat.c
Unpacking /datalocal1/ti_components/cg_tools/linux/ti-cgt-arm_5.2.5/lib/src/strdup.c
Unpacking /datalocal1/ti_components/cg_tools/linux/ti-cgt-arm_5.2.5/lib/src/cmath
Unpacking /datalocal1/ti_components/cg_tools/linux/ti-cgt-arm_5.2.5/lib/src/xxxexp.h
Unpacking /datalocal1/ti_components/cg_tools/linux/ti-cgt-arm_5.2.5/lib/src/tgammaf.c
Unpacking /datalocal1/ti_components/cg_tools/linux/ti-cgt-arm_5.2.5/lib/src/ull_cmp32.asm
Unpacking /datalocal1/ti_components/cg_tools/linux/ti-cgt-arm_5.2.5/lib/src/autoinit_wdt.c
Unpacking /datalocal1/ti_components/cg_tools/linux/ti-cgt-arm_5.2.5/lib/src/fscanf.c
Unpacking /datalocal1/ti_components/cg_tools/linux/ti-cgt-arm_5.2.5/lib/src/cstdarg
Unpacking /datalocal1/ti_components/cg_tools/linux/ti-cgt-arm_5.2.5/lib/src/i_div0.c
Unpacking /datalocal1/ti_components/cg_tools/linux/ti-cgt-arm_5.2.5/lib/src/bsearch.c
Unpacking /datalocal1/ti_components/cg_tools/linux/ti-cgt-arm_5.2.5/lib/src/ceill.c
Unpacking /datalocal1/ti_components/cg_tools/linux/ti-cgt-arm_5.2.5/lib/src/memzero.cpp
Unpacking /datalocal1/ti_components/cg_tools/linux/ti-cgt-arm_5.2.5/lib/src/tanl.c
Unpacking /datalocal1/ti_components/cg_tools/linux/ti-cgt-arm_5.2.5/lib/src/stkchk16.asm
Unpacking /datalocal1/ti_components/cg_tools/linux/ti-cgt-arm_5.2.5/lib/src/xxxdtent.h
Unpacking /datalocal1/ti_components/cg_tools/linux/ti-cgt-arm_5.2.5/lib/src/ctime
Unpacking /datalocal1/ti_components/cg_tools/linux/ti-cgt-arm_5.2.5/lib/src/isgraph.c
Unpacking /datalocal1/ti_components/cg_tools/linux/ti-cgt-arm_5.2.5/lib/src/sin.c
Unpacking /datalocal1/ti_components/cg_tools/linux/ti-cgt-arm_5.2.5/lib/src/lgammal.c
Unpacking /datalocal1/ti_components/cg_tools/linux/ti-cgt-arm_5.2.5/lib/src/u_divt2.asm
Unpacking /datalocal1/ti_components/cg_tools/linux/ti-cgt-arm_5.2.5/lib/src/llabs.c
Unpacking /datalocal1/ti_components/cg_tools/linux/ti-cgt-arm_5.2.5/lib/src/xmtx.h
Unpacking /datalocal1/ti_components/cg_tools/linux/ti-cgt-arm_5.2.5/lib/src/ll_div16.asm
Unpacking /datalocal1/ti_components/cg_tools/linux/ti-cgt-arm_5.2.5/lib/src/xxexp2.h
Unpacking /datalocal1/ti_components/cg_tools/linux/ti-cgt-arm_5.2.5/lib/src/difftime.c
Unpacking /datalocal1/ti_components/cg_tools/linux/ti-cgt-arm_5.2.5/lib/src/sinh.c
Unpacking /datalocal1/ti_components/cg_tools/linux/ti-cgt-arm_5.2.5/lib/src/nextafterf.c
Unpacking /datalocal1/ti_components/cg_tools/linux/ti-cgt-arm_5.2.5/lib/src/lroundl.c
Unpacking /datalocal1/ti_components/cg_tools/linux/ti-cgt-arm_5.2.5/lib/src/i_divt2.asm
Unpacking /datalocal1/ti_components/cg_tools/linux/ti-cgt-arm_5.2.5/lib/src/strncasecmp.c
Unpacking /datalocal1/ti_components/cg_tools/linux/ti-cgt-arm_5.2.5/lib/src/xflgamma.c
Unpacking /datalocal1/ti_components/cg_tools/linux/ti-cgt-arm_5.2.5/lib/src/cstring
Unpacking /datalocal1/ti_components/cg_tools/linux/ti-cgt-arm_5.2.5/lib/src/xxfrexp.h
Unpacking /datalocal1/ti_components/cg_tools/linux/ti-cgt-arm_5.2.5/lib/src/wctype.c
Unpacking /datalocal1/ti_components/cg_tools/linux/ti-cgt-arm_5.2.5/lib/src/ll_cmp32.asm
Unpacking /datalocal1/ti_components/cg_tools/linux/ti-cgt-arm_5.2.5/lib/src/fs_div_t2.asm
Unpacking /datalocal1/ti_components/cg_tools/linux/ti-cgt-arm_5.2.5/lib/src/setvbuf.c
Unpacking /datalocal1/ti_components/cg_tools/linux/ti-cgt-arm_5.2.5/lib/src/rindex.c
Unpacking /datalocal1/ti_components/cg_tools/linux/ti-cgt-arm_5.2.5/lib/src/xfvalues.c
Unpacking /datalocal1/ti_components/cg_tools/linux/ti-cgt-arm_5.2.5/lib/src/fetestexcept.c
Unpacking /datalocal1/ti_components/cg_tools/linux/ti-cgt-arm_5.2.5/lib/src/xxhypot.h
Unpacking /datalocal1/ti_components/cg_tools/linux/ti-cgt-arm_5.2.5/lib/src/logl.c
Unpacking /datalocal1/ti_components/cg_tools/linux/ti-cgt-arm_5.2.5/lib/src/fd_div32.asm
Unpacking /datalocal1/ti_components/cg_tools/linux/ti-cgt-arm_5.2.5/lib/src/ldexpf.c
Unpacking /datalocal1/ti_components/cg_tools/linux/ti-cgt-arm_5.2.5/lib/src/atanf.c
Unpacking /datalocal1/ti_components/cg_tools/linux/ti-cgt-arm_5.2.5/lib/src/nexttowardf.c
Unpacking /datalocal1/ti_components/cg_tools/linux/ti-cgt-arm_5.2.5/lib/src/acoshf.c
Unpacking /datalocal1/ti_components/cg_tools/linux/ti-cgt-arm_5.2.5/lib/src/clocale
Unpacking /datalocal1/ti_components/cg_tools/linux/ti-cgt-arm_5.2.5/lib/src/memmov.c
Unpacking /datalocal1/ti_components/cg_tools/linux/ti-cgt-arm_5.2.5/lib/src/coshl.c
Unpacking /datalocal1/ti_components/cg_tools/linux/ti-cgt-arm_5.2.5/lib/src/strstr.c
Unpacking /datalocal1/ti_components/cg_tools/linux/ti-cgt-arm_5.2.5/lib/src/Platform_Types.h
Unpacking /datalocal1/ti_components/cg_tools/linux/ti-cgt-arm_5.2.5/lib/src/stdiostream.h
Unpacking /datalocal1/ti_components/cg_tools/linux/ti-cgt-arm_5.2.5/lib/src/rtti.h
Unpacking /datalocal1/ti_components/cg_tools/linux/ti-cgt-arm_5.2.5/lib/src/fs_tou32.asm
Unpacking /datalocal1/ti_components/cg_tools/linux/ti-cgt-arm_5.2.5/lib/src/xlexp.c
Unpacking /datalocal1/ti_components/cg_tools/linux/ti-cgt-arm_5.2.5/lib/src/ilogbf.c
Unpacking /datalocal1/ti_components/cg_tools/linux/ti-cgt-arm_5.2.5/lib/src/fs_eabi.asm
Unpacking /datalocal1/ti_components/cg_tools/linux/ti-cgt-arm_5.2.5/lib/src/xxfftype.h
Unpacking /datalocal1/ti_components/cg_tools/linux/ti-cgt-arm_5.2.5/lib/src/xatan.c
Unpacking /datalocal1/ti_components/cg_tools/linux/ti-cgt-arm_5.2.5/lib/src/xlocinfo.cpp
Unpacking /datalocal1/ti_components/cg_tools/linux/ti-cgt-arm_5.2.5/lib/src/ios
Unpacking /datalocal1/ti_components/cg_tools/linux/ti-cgt-arm_5.2.5/lib/src/newhandler.cpp
Unpacking /datalocal1/ti_components/cg_tools/linux/ti-cgt-arm_5.2.5/lib/src/fd_tos_t2.asm
Unpacking /datalocal1/ti_components/cg_tools/linux/ti-cgt-arm_5.2.5/lib/src/dtor_list.h
Unpacking /datalocal1/ti_components/cg_tools/linux/ti-cgt-arm_5.2.5/lib/src/xfdnorm.c
Unpacking /datalocal1/ti_components/cg_tools/linux/ti-cgt-arm_5.2.5/lib/src/floorf.c
Unpacking /datalocal1/ti_components/cg_tools/linux/ti-cgt-arm_5.2.5/lib/src/xxxtgamma.h
Unpacking /datalocal1/ti_components/cg_tools/linux/ti-cgt-arm_5.2.5/lib/src/cos.c
Unpacking /datalocal1/ti_components/cg_tools/linux/ti-cgt-arm_5.2.5/lib/src/icall16.asm
Unpacking /datalocal1/ti_components/cg_tools/linux/ti-cgt-arm_5.2.5/lib/src/_bufread.c
Unpacking /datalocal1/ti_components/cg_tools/linux/ti-cgt-arm_5.2.5/lib/src/xxfloor.h
Unpacking /datalocal1/ti_components/cg_tools/linux/ti-cgt-arm_5.2.5/lib/src/fd_tos32.asm
Unpacking /datalocal1/ti_components/cg_tools/linux/ti-cgt-arm_5.2.5/lib/src/iterator
Unpacking /datalocal1/ti_components/cg_tools/linux/ti-cgt-arm_5.2.5/lib/src/xxllrint.h
Unpacking /datalocal1/ti_components/cg_tools/linux/ti-cgt-arm_5.2.5/lib/src/ll_tofd32.asm
Unpacking /datalocal1/ti_components/cg_tools/linux/ti-cgt-arm_5.2.5/lib/src/xlog.c
Unpacking /datalocal1/ti_components/cg_tools/linux/ti-cgt-arm_5.2.5/lib/src/fs_mul16.asm
Unpacking /datalocal1/ti_components/cg_tools/linux/ti-cgt-arm_5.2.5/lib/src/ll_cmp_t2.asm
Unpacking /datalocal1/ti_components/cg_tools/linux/ti-cgt-arm_5.2.5/lib/src/fs_toull16.asm
Unpacking /datalocal1/ti_components/cg_tools/linux/ti-cgt-arm_5.2.5/lib/src/xatexit.cx0
Unpacking /datalocal1/ti_components/cg_tools/linux/ti-cgt-arm_5.2.5/lib/src/powl.c
Unpacking /datalocal1/ti_components/cg_tools/linux/ti-cgt-arm_5.2.5/lib/src/atanhl.c
Unpacking /datalocal1/ti_components/cg_tools/linux/ti-cgt-arm_5.2.5/lib/src/istream
Unpacking /datalocal1/ti_components/cg_tools/linux/ti-cgt-arm_5.2.5/lib/src/setjmp16.asm
Unpacking /datalocal1/ti_components/cg_tools/linux/ti-cgt-arm_5.2.5/lib/src/scalbn.c
Unpacking /datalocal1/ti_components/cg_tools/linux/ti-cgt-arm_5.2.5/lib/src/xxceil.h
Unpacking /datalocal1/ti_components/cg_tools/linux/ti-cgt-arm_5.2.5/lib/src/llround.c
Unpacking /datalocal1/ti_components/cg_tools/linux/ti-cgt-arm_5.2.5/lib/src/strlen.c
Unpacking /datalocal1/ti_components/cg_tools/linux/ti-cgt-arm_5.2.5/lib/src/locale.cpp
Unpacking /datalocal1/ti_components/cg_tools/linux/ti-cgt-arm_5.2.5/lib/src/assert.c
Unpacking /datalocal1/ti_components/cg_tools/linux/ti-cgt-arm_5.2.5/lib/src/xhypot.c
Unpacking /datalocal1/ti_components/cg_tools/linux/ti-cgt-arm_5.2.5/lib/src/setbuf.c
Unpacking /datalocal1/ti_components/cg_tools/linux/ti-cgt-arm_5.2.5/lib/src/fs_cmp32.asm
Unpacking /datalocal1/ti_components/cg_tools/linux/ti-cgt-arm_5.2.5/lib/src/fs_toi16.asm
Unpacking /datalocal1/ti_components/cg_tools/linux/ti-cgt-arm_5.2.5/lib/src/fd_toll32.asm
Unpacking /datalocal1/ti_components/cg_tools/linux/ti-cgt-arm_5.2.5/lib/src/ll_asr16.asm
Unpacking /datalocal1/ti_components/cg_tools/linux/ti-cgt-arm_5.2.5/lib/src/atan2f.c
Unpacking /datalocal1/ti_components/cg_tools/linux/ti-cgt-arm_5.2.5/lib/src/aeabi_ctype.asm
Unpacking /datalocal1/ti_components/cg_tools/linux/ti-cgt-arm_5.2.5/lib/src/copy_zero_init.c
Unpacking /datalocal1/ti_components/cg_tools/linux/ti-cgt-arm_5.2.5/lib/src/erf.c
Unpacking /datalocal1/ti_components/cg_tools/linux/ti-cgt-arm_5.2.5/lib/src/nexttowardl.c
Unpacking /datalocal1/ti_components/cg_tools/linux/ti-cgt-arm_5.2.5/lib/src/u_tofs16.asm
Unpacking /datalocal1/ti_components/cg_tools/linux/ti-cgt-arm_5.2.5/lib/src/xerrno.cx
Unpacking /datalocal1/ti_components/cg_tools/linux/ti-cgt-arm_5.2.5/lib/src/signal.c
Unpacking /datalocal1/ti_components/cg_tools/linux/ti-cgt-arm_5.2.5/lib/src/ull_tofs_ti_vfp.c
Unpacking /datalocal1/ti_components/cg_tools/linux/ti-cgt-arm_5.2.5/lib/src/fd_add32.asm
Unpacking /datalocal1/ti_components/cg_tools/linux/ti-cgt-arm_5.2.5/lib/src/atanl.c
Unpacking /datalocal1/ti_components/cg_tools/linux/ti-cgt-arm_5.2.5/lib/src/xtls.h
Unpacking /datalocal1/ti_components/cg_tools/linux/ti-cgt-arm_5.2.5/lib/src/scalblnl.c
Unpacking /datalocal1/ti_components/cg_tools/linux/ti-cgt-arm_5.2.5/lib/src/newnothrow.cpp
Unpacking /datalocal1/ti_components/cg_tools/linux/ti-cgt-arm_5.2.5/lib/src/strcpy.c
Unpacking /datalocal1/ti_components/cg_tools/linux/ti-cgt-arm_5.2.5/lib/src/xpoly.c
Unpacking /datalocal1/ti_components/cg_tools/linux/ti-cgt-arm_5.2.5/lib/src/u_div16.asm
Unpacking /datalocal1/ti_components/cg_tools/linux/ti-cgt-arm_5.2.5/lib/src/error.cpp
Unpacking /datalocal1/ti_components/cg_tools/linux/ti-cgt-arm_5.2.5/lib/src/xfatan.c
Unpacking /datalocal1/ti_components/cg_tools/linux/ti-cgt-arm_5.2.5/lib/src/xdint.c
Unpacking /datalocal1/ti_components/cg_tools/linux/ti-cgt-arm_5.2.5/lib/src/erfl.c
Unpacking /datalocal1/ti_components/cg_tools/linux/ti-cgt-arm_5.2.5/lib/src/array_pdel.cpp
Unpacking /datalocal1/ti_components/cg_tools/linux/ti-cgt-arm_5.2.5/lib/src/modfl.c
Unpacking /datalocal1/ti_components/cg_tools/linux/ti-cgt-arm_5.2.5/lib/src/defs.c
Unpacking /datalocal1/ti_components/cg_tools/linux/ti-cgt-arm_5.2.5/lib/src/i_div16.asm
Unpacking /datalocal1/ti_components/cg_tools/linux/ti-cgt-arm_5.2.5/lib/src/xxlftype.h
Unpacking /datalocal1/ti_components/cg_tools/linux/ti-cgt-arm_5.2.5/lib/src/ctime_.c
Unpacking /datalocal1/ti_components/cg_tools/linux/ti-cgt-arm_5.2.5/lib/src/xfhypot.c
Unpacking /datalocal1/ti_components/cg_tools/linux/ti-cgt-arm_5.2.5/lib/src/remainderl.c
Unpacking /datalocal1/ti_components/cg_tools/linux/ti-cgt-arm_5.2.5/lib/src/strncmp.c
Unpacking /datalocal1/ti_components/cg_tools/linux/ti-cgt-arm_5.2.5/lib/src/fabsf.c
Unpacking /datalocal1/ti_components/cg_tools/linux/ti-cgt-arm_5.2.5/lib/src/xxlrint.h
Unpacking /datalocal1/ti_components/cg_tools/linux/ti-cgt-arm_5.2.5/lib/src/ull_cmp16.asm
Unpacking /datalocal1/ti_components/cg_tools/linux/ti-cgt-arm_5.2.5/lib/src/hypotl.c
Unpacking /datalocal1/ti_components/cg_tools/linux/ti-cgt-arm_5.2.5/lib/src/lowlev.c
Unpacking /datalocal1/ti_components/cg_tools/linux/ti-cgt-arm_5.2.5/lib/src/set_new.cpp
Unpacking /datalocal1/ti_components/cg_tools/linux/ti-cgt-arm_5.2.5/lib/src/roundf.c
Unpacking /datalocal1/ti_components/cg_tools/linux/ti-cgt-arm_5.2.5/lib/src/ll_lsr32.asm
Unpacking /datalocal1/ti_components/cg_tools/linux/ti-cgt-arm_5.2.5/lib/src/fs_toll16.asm
Unpacking /datalocal1/ti_components/cg_tools/linux/ti-cgt-arm_5.2.5/lib/src/cpy_tbl.h
Unpacking /datalocal1/ti_components/cg_tools/linux/ti-cgt-arm_5.2.5/lib/src/ull_tofs16.asm
Unpacking /datalocal1/ti_components/cg_tools/linux/ti-cgt-arm_5.2.5/lib/src/fd_toull32.asm
Unpacking /datalocal1/ti_components/cg_tools/linux/ti-cgt-arm_5.2.5/lib/src/copysign.c
Unpacking /datalocal1/ti_components/cg_tools/linux/ti-cgt-arm_5.2.5/lib/src/vsprintf.c
Unpacking /datalocal1/ti_components/cg_tools/linux/ti-cgt-arm_5.2.5/lib/src/fs_div32.asm
Unpacking /datalocal1/ti_components/cg_tools/linux/ti-cgt-arm_5.2.5/lib/src/assert.h
Unpacking /datalocal1/ti_components/cg_tools/linux/ti-cgt-arm_5.2.5/lib/src/tanhl.c
Unpacking /datalocal1/ti_components/cg_tools/linux/ti-cgt-arm_5.2.5/lib/src/log.c
Unpacking /datalocal1/ti_components/cg_tools/linux/ti-cgt-arm_5.2.5/lib/src/i_tofs32.asm
Unpacking /datalocal1/ti_components/cg_tools/linux/ti-cgt-arm_5.2.5/lib/src/csetjmp
Unpacking /datalocal1/ti_components/cg_tools/linux/ti-cgt-arm_5.2.5/lib/src/iso646.h
Unpacking /datalocal1/ti_components/cg_tools/linux/ti-cgt-arm_5.2.5/lib/src/u_tofs32.asm
Unpacking /datalocal1/ti_components/cg_tools/linux/ti-cgt-arm_5.2.5/lib/src/strspn.c
Unpacking /datalocal1/ti_components/cg_tools/linux/ti-cgt-arm_5.2.5/lib/src/nothrow.cpp
Unpacking /datalocal1/ti_components/cg_tools/linux/ti-cgt-arm_5.2.5/lib/src/xdscale.c
Unpacking /datalocal1/ti_components/cg_tools/linux/ti-cgt-arm_5.2.5/lib/src/fd_toll_t2.asm
Unpacking /datalocal1/ti_components/cg_tools/linux/ti-cgt-arm_5.2.5/lib/src/floorl.c
Unpacking /datalocal1/ti_components/cg_tools/linux/ti-cgt-arm_5.2.5/lib/src/xxatanh.h
Unpacking /datalocal1/ti_components/cg_tools/linux/ti-cgt-arm_5.2.5/lib/src/xlerfc.c
Unpacking /datalocal1/ti_components/cg_tools/linux/ti-cgt-arm_5.2.5/lib/src/fd_cmp_t2.asm
Unpacking /datalocal1/ti_components/cg_tools/linux/ti-cgt-arm_5.2.5/lib/src/ferror.c
Unpacking /datalocal1/ti_components/cg_tools/linux/ti-cgt-arm_5.2.5/lib/src/memcmp.c
Unpacking /datalocal1/ti_components/cg_tools/linux/ti-cgt-arm_5.2.5/lib/src/ceil.c
Unpacking /datalocal1/ti_components/cg_tools/linux/ti-cgt-arm_5.2.5/lib/src/fstream.h
Unpacking /datalocal1/ti_components/cg_tools/linux/ti-cgt-arm_5.2.5/lib/src/frexpl.c
Unpacking /datalocal1/ti_components/cg_tools/linux/ti-cgt-arm_5.2.5/lib/src/fd_toll16.asm
Unpacking /datalocal1/ti_components/cg_tools/linux/ti-cgt-arm_5.2.5/lib/src/xllog.c
Unpacking /datalocal1/ti_components/cg_tools/linux/ti-cgt-arm_5.2.5/lib/src/ll_lsl32.asm
Unpacking /datalocal1/ti_components/cg_tools/linux/ti-cgt-arm_5.2.5/lib/src/asin.c
Unpacking /datalocal1/ti_components/cg_tools/linux/ti-cgt-arm_5.2.5/lib/src/acoshl.c
Unpacking /datalocal1/ti_components/cg_tools/linux/ti-cgt-arm_5.2.5/lib/src/expm1f.c
Unpacking /datalocal1/ti_components/cg_tools/linux/ti-cgt-arm_5.2.5/lib/src/deque
Unpacking /datalocal1/ti_components/cg_tools/linux/ti-cgt-arm_5.2.5/lib/src/lround.c
Unpacking /datalocal1/ti_components/cg_tools/linux/ti-cgt-arm_5.2.5/lib/src/xxtan.h
Unpacking /datalocal1/ti_components/cg_tools/linux/ti-cgt-arm_5.2.5/lib/src/copysignf.c
Unpacking /datalocal1/ti_components/cg_tools/linux/ti-cgt-arm_5.2.5/lib/src/asinh.c
Unpacking /datalocal1/ti_components/cg_tools/linux/ti-cgt-arm_5.2.5/lib/src/rand.c
Unpacking /datalocal1/ti_components/cg_tools/linux/ti-cgt-arm_5.2.5/lib/src/strtoll.c
Unpacking /datalocal1/ti_components/cg_tools/linux/ti-cgt-arm_5.2.5/lib/src/xfdscale.c
Unpacking /datalocal1/ti_components/cg_tools/linux/ti-cgt-arm_5.2.5/lib/src/scalbnl.c
Unpacking /datalocal1/ti_components/cg_tools/linux/ti-cgt-arm_5.2.5/lib/src/atexit.c
Unpacking /datalocal1/ti_components/cg_tools/linux/ti-cgt-arm_5.2.5/lib/src/scalbln.c
Unpacking /datalocal1/ti_components/cg_tools/linux/ti-cgt-arm_5.2.5/lib/src/ull_tofd32.asm
Unpacking /datalocal1/ti_components/cg_tools/linux/ti-cgt-arm_5.2.5/lib/src/fs_add_t2.asm
Unpacking /datalocal1/ti_components/cg_tools/linux/ti-cgt-arm_5.2.5/lib/src/tmzone.c
Unpacking /datalocal1/ti_components/cg_tools/linux/ti-cgt-arm_5.2.5/lib/src/iomanip
Unpacking /datalocal1/ti_components/cg_tools/linux/ti-cgt-arm_5.2.5/lib/src/xxxpoly.h
Unpacking /datalocal1/ti_components/cg_tools/linux/ti-cgt-arm_5.2.5/lib/src/raise.c
Unpacking /datalocal1/ti_components/cg_tools/linux/ti-cgt-arm_5.2.5/lib/src/clock.c
Unpacking /datalocal1/ti_components/cg_tools/linux/ti-cgt-arm_5.2.5/lib/src/_io_perm.c
Unpacking /datalocal1/ti_components/cg_tools/linux/ti-cgt-arm_5.2.5/lib/src/isascii.c
Unpacking /datalocal1/ti_components/cg_tools/linux/ti-cgt-arm_5.2.5/lib/src/i_tofd32.asm
Unpacking /datalocal1/ti_components/cg_tools/linux/ti-cgt-arm_5.2.5/lib/src/fs_toull_t2.asm
Unpacking /datalocal1/ti_components/cg_tools/linux/ti-cgt-arm_5.2.5/lib/src/fd_tos16.asm
Unpacking /datalocal1/ti_components/cg_tools/linux/ti-cgt-arm_5.2.5/lib/src/cstddef
Unpacking /datalocal1/ti_components/cg_tools/linux/ti-cgt-arm_5.2.5/lib/src/trgdrv.c
Unpacking /datalocal1/ti_components/cg_tools/linux/ti-cgt-arm_5.2.5/lib/src/fd_toull16.asm
Unpacking /datalocal1/ti_components/cg_tools/linux/ti-cgt-arm_5.2.5/lib/src/xfcosh.c
Unpacking /datalocal1/ti_components/cg_tools/linux/ti-cgt-arm_5.2.5/lib/src/u_div32.asm
Unpacking /datalocal1/ti_components/cg_tools/linux/ti-cgt-arm_5.2.5/lib/src/_isfuncdcl.h
Unpacking /datalocal1/ti_components/cg_tools/linux/ti-cgt-arm_5.2.5/lib/src/i_tofs16.asm
Unpacking /datalocal1/ti_components/cg_tools/linux/ti-cgt-arm_5.2.5/lib/src/ios.cpp
Unpacking /datalocal1/ti_components/cg_tools/linux/ti-cgt-arm_5.2.5/lib/src/log2f.c
Unpacking /datalocal1/ti_components/cg_tools/linux/ti-cgt-arm_5.2.5/lib/src/fmaxl.c
Unpacking /datalocal1/ti_components/cg_tools/linux/ti-cgt-arm_5.2.5/lib/src/fgetc.c
Unpacking /datalocal1/ti_components/cg_tools/linux/ti-cgt-arm_5.2.5/lib/src/_reg_synch_api.h
Unpacking /datalocal1/ti_components/cg_tools/linux/ti-cgt-arm_5.2.5/lib/src/list
Unpacking /datalocal1/ti_components/cg_tools/linux/ti-cgt-arm_5.2.5/lib/src/rintl.c
Unpacking /datalocal1/ti_components/cg_tools/linux/ti-cgt-arm_5.2.5/lib/src/fd_tou16.asm
Unpacking /datalocal1/ti_components/cg_tools/linux/ti-cgt-arm_5.2.5/lib/src/sqrt.c
Unpacking /datalocal1/ti_components/cg_tools/linux/ti-cgt-arm_5.2.5/lib/src/cassert
Unpacking /datalocal1/ti_components/cg_tools/linux/ti-cgt-arm_5.2.5/lib/src/fmin.c
Unpacking /datalocal1/ti_components/cg_tools/linux/ti-cgt-arm_5.2.5/lib/src/memory.c
Unpacking /datalocal1/ti_components/cg_tools/linux/ti-cgt-arm_5.2.5/lib/src/xvalues.c
Unpacking /datalocal1/ti_components/cg_tools/linux/ti-cgt-arm_5.2.5/lib/src/sqrtf.c
Unpacking /datalocal1/ti_components/cg_tools/linux/ti-cgt-arm_5.2.5/lib/src/stdint.h
Unpacking /datalocal1/ti_components/cg_tools/linux/ti-cgt-arm_5.2.5/lib/src/vec_newdel.cpp
Unpacking /datalocal1/ti_components/cg_tools/linux/ti-cgt-arm_5.2.5/lib/src/array_pnew.cpp
Unpacking /datalocal1/ti_components/cg_tools/linux/ti-cgt-arm_5.2.5/lib/src/fd_tou32.asm
Unpacking /datalocal1/ti_components/cg_tools/linux/ti-cgt-arm_5.2.5/lib/src/expf.c
Unpacking /datalocal1/ti_components/cg_tools/linux/ti-cgt-arm_5.2.5/lib/src/fegetexceptflag.c
Unpacking /datalocal1/ti_components/cg_tools/linux/ti-cgt-arm_5.2.5/lib/src/fmaf.c
Unpacking /datalocal1/ti_components/cg_tools/linux/ti-cgt-arm_5.2.5/lib/src/expm1l.c
Unpacking /datalocal1/ti_components/cg_tools/linux/ti-cgt-arm_5.2.5/lib/src/ll_tofs_t2.asm
Unpacking /datalocal1/ti_components/cg_tools/linux/ti-cgt-arm_5.2.5/lib/src/decode.c
Unpacking /datalocal1/ti_components/cg_tools/linux/ti-cgt-arm_5.2.5/lib/src/nanl.c
Unpacking /datalocal1/ti_components/cg_tools/linux/ti-cgt-arm_5.2.5/lib/src/ldexp.c
Unpacking /datalocal1/ti_components/cg_tools/linux/ti-cgt-arm_5.2.5/lib/src/crc_tbl.h
Unpacking /datalocal1/ti_components/cg_tools/linux/ti-cgt-arm_5.2.5/lib/src/fd_mul32.asm
Unpacking /datalocal1/ti_components/cg_tools/linux/ti-cgt-arm_5.2.5/lib/src/sqrtl.c
Unpacking /datalocal1/ti_components/cg_tools/linux/ti-cgt-arm_5.2.5/lib/src/lrint.c
Unpacking /datalocal1/ti_components/cg_tools/linux/ti-cgt-arm_5.2.5/lib/src/fma.c
Unpacking /datalocal1/ti_components/cg_tools/linux/ti-cgt-arm_5.2.5/lib/src/vars.cpp
Unpacking /datalocal1/ti_components/cg_tools/linux/ti-cgt-arm_5.2.5/lib/src/memset32.asm
Unpacking /datalocal1/ti_components/cg_tools/linux/ti-cgt-arm_5.2.5/lib/src/tdeh_init.cpp
Unpacking /datalocal1/ti_components/cg_tools/linux/ti-cgt-arm_5.2.5/lib/src/isalpha.c
Unpacking /datalocal1/ti_components/cg_tools/linux/ti-cgt-arm_5.2.5/lib/src/exp2l.c
Unpacking /datalocal1/ti_components/cg_tools/linux/ti-cgt-arm_5.2.5/lib/src/isdigit.c
Unpacking /datalocal1/ti_components/cg_tools/linux/ti-cgt-arm_5.2.5/lib/src/fesetenv.c
Unpacking /datalocal1/ti_components/cg_tools/linux/ti-cgt-arm_5.2.5/lib/src/xftgamma.c
Unpacking /datalocal1/ti_components/cg_tools/linux/ti-cgt-arm_5.2.5/lib/src/fs_add16.asm
Unpacking /datalocal1/ti_components/cg_tools/linux/ti-cgt-arm_5.2.5/lib/src/tdeh_arm.h
Unpacking /datalocal1/ti_components/cg_tools/linux/ti-cgt-arm_5.2.5/lib/src/erfc.c
Unpacking /datalocal1/ti_components/cg_tools/linux/ti-cgt-arm_5.2.5/lib/src/xxtrunc.h
Unpacking /datalocal1/ti_components/cg_tools/linux/ti-cgt-arm_5.2.5/lib/src/xxscalbln.h
Unpacking /datalocal1/ti_components/cg_tools/linux/ti-cgt-arm_5.2.5/lib/src/ll_tofd_t2.asm
Unpacking /datalocal1/ti_components/cg_tools/linux/ti-cgt-arm_5.2.5/lib/src/cosl.c
Unpacking /datalocal1/ti_components/cg_tools/linux/ti-cgt-arm_5.2.5/lib/src/expm1.c
Unpacking /datalocal1/ti_components/cg_tools/linux/ti-cgt-arm_5.2.5/lib/src/clearerr.c
Unpacking /datalocal1/ti_components/cg_tools/linux/ti-cgt-arm_5.2.5/lib/src/l_div0.c
Unpacking /datalocal1/ti_components/cg_tools/linux/ti-cgt-arm_5.2.5/lib/src/xlsin.c
Unpacking /datalocal1/ti_components/cg_tools/linux/ti-cgt-arm_5.2.5/lib/src/asctime.c
Unpacking /datalocal1/ti_components/cg_tools/linux/ti-cgt-arm_5.2.5/lib/src/ymath.h
Unpacking /datalocal1/ti_components/cg_tools/linux/ti-cgt-arm_5.2.5/lib/src/i_div32.asm
Unpacking /datalocal1/ti_components/cg_tools/linux/ti-cgt-arm_5.2.5/lib/src/fd_add16.asm
Unpacking /datalocal1/ti_components/cg_tools/linux/ti-cgt-arm_5.2.5/lib/src/tdeh_pr_common.cpp
Unpacking /datalocal1/ti_components/cg_tools/linux/ti-cgt-arm_5.2.5/lib/src/fcvt.c
Unpacking /datalocal1/ti_components/cg_tools/linux/ti-cgt-arm_5.2.5/lib/src/setlocale.c
Unpacking /datalocal1/ti_components/cg_tools/linux/ti-cgt-arm_5.2.5/lib/src/xxxlog.h
Unpacking /datalocal1/ti_components/cg_tools/linux/ti-cgt-arm_5.2.5/lib/src/nextafter.c
Unpacking /datalocal1/ti_components/cg_tools/linux/ti-cgt-arm_5.2.5/lib/src/pow.c
Unpacking /datalocal1/ti_components/cg_tools/linux/ti-cgt-arm_5.2.5/lib/src/fiopen.cpp
Unpacking /datalocal1/ti_components/cg_tools/linux/ti-cgt-arm_5.2.5/lib/src/throw_edg.cpp
Unpacking /datalocal1/ti_components/cg_tools/linux/ti-cgt-arm_5.2.5/lib/src/xcosh.c
Unpacking /datalocal1/ti_components/cg_tools/linux/ti-cgt-arm_5.2.5/lib/src/tdeh_unwinder.cpp
Unpacking /datalocal1/ti_components/cg_tools/linux/ti-cgt-arm_5.2.5/lib/src/xxcbrt.h
Unpacking /datalocal1/ti_components/cg_tools/linux/ti-cgt-arm_5.2.5/lib/src/_printfi_min.c
Unpacking /datalocal1/ti_components/cg_tools/linux/ti-cgt-arm_5.2.5/lib/src/erfcf.c
Unpacking /datalocal1/ti_components/cg_tools/linux/ti-cgt-arm_5.2.5/lib/src/u_tofd_t2.asm
Unpacking /datalocal1/ti_components/cg_tools/linux/ti-cgt-arm_5.2.5/lib/src/vprintf.c
Unpacking /datalocal1/ti_components/cg_tools/linux/ti-cgt-arm_5.2.5/lib/src/memzero.h
Unpacking /datalocal1/ti_components/cg_tools/linux/ti-cgt-arm_5.2.5/lib/src/atoll.c
Unpacking /datalocal1/ti_components/cg_tools/linux/ti-cgt-arm_5.2.5/lib/src/functional
Unpacking /datalocal1/ti_components/cg_tools/linux/ti-cgt-arm_5.2.5/lib/src/xldunsca.c
Unpacking /datalocal1/ti_components/cg_tools/linux/ti-cgt-arm_5.2.5/lib/src/u_tofd16.asm
Unpacking /datalocal1/ti_components/cg_tools/linux/ti-cgt-arm_5.2.5/lib/src/xxxatan.h
Unpacking /datalocal1/ti_components/cg_tools/linux/ti-cgt-arm_5.2.5/lib/src/new_.cpp
Unpacking /datalocal1/ti_components/cg_tools/linux/ti-cgt-arm_5.2.5/lib/src/_tls.h
Unpacking /datalocal1/ti_components/cg_tools/linux/ti-cgt-arm_5.2.5/lib/src/fminf.c
Unpacking /datalocal1/ti_components/cg_tools/linux/ti-cgt-arm_5.2.5/lib/src/atanh.c
Unpacking /datalocal1/ti_components/cg_tools/linux/ti-cgt-arm_5.2.5/lib/src/remquo.c
Unpacking /datalocal1/ti_components/cg_tools/linux/ti-cgt-arm_5.2.5/lib/src/_printfi.c
Unpacking /datalocal1/ti_components/cg_tools/linux/ti-cgt-arm_5.2.5/lib/src/fs_cmp16.asm
Unpacking /datalocal1/ti_components/cg_tools/linux/ti-cgt-arm_5.2.5/lib/src/xfdclass.c
Unpacking /datalocal1/ti_components/cg_tools/linux/ti-cgt-arm_5.2.5/lib/src/_tvaltostr.c
Unpacking /datalocal1/ti_components/cg_tools/linux/ti-cgt-arm_5.2.5/lib/src/atan2.c
Unpacking /datalocal1/ti_components/cg_tools/linux/ti-cgt-arm_5.2.5/lib/src/string.cpp
Unpacking /datalocal1/ti_components/cg_tools/linux/ti-cgt-arm_5.2.5/lib/src/xxnextafter.h
Unpacking /datalocal1/ti_components/cg_tools/linux/ti-cgt-arm_5.2.5/lib/src/_lock.h
Unpacking /datalocal1/ti_components/cg_tools/linux/ti-cgt-arm_5.2.5/lib/src/ceilf.c
Unpacking /datalocal1/ti_components/cg_tools/linux/ti-cgt-arm_5.2.5/lib/src/stdio.h
Unpacking /datalocal1/ti_components/cg_tools/linux/ti-cgt-arm_5.2.5/lib/src/xxstod.h
Unpacking /datalocal1/ti_components/cg_tools/linux/ti-cgt-arm_5.2.5/lib/src/erff.c
Unpacking /datalocal1/ti_components/cg_tools/linux/ti-cgt-arm_5.2.5/lib/src/frexpf.c
Unpacking /datalocal1/ti_components/cg_tools/linux/ti-cgt-arm_5.2.5/lib/src/xlsinh.c
Unpacking /datalocal1/ti_components/cg_tools/linux/ti-cgt-arm_5.2.5/lib/src/pure_virt.cpp
Unpacking /datalocal1/ti_components/cg_tools/linux/ti-cgt-arm_5.2.5/lib/src/fd_toll_ti_vfp.c
Unpacking /datalocal1/ti_components/cg_tools/linux/ti-cgt-arm_5.2.5/lib/src/setjmp.h
Unpacking /datalocal1/ti_components/cg_tools/linux/ti-cgt-arm_5.2.5/lib/src/xxxfpcomp.h
Unpacking /datalocal1/ti_components/cg_tools/linux/ti-cgt-arm_5.2.5/lib/src/log10f.c
Unpacking /datalocal1/ti_components/cg_tools/linux/ti-cgt-arm_5.2.5/lib/src/xxerfc.h
Unpacking /datalocal1/ti_components/cg_tools/linux/ti-cgt-arm_5.2.5/lib/src/xlvalues.c
Unpacking /datalocal1/ti_components/cg_tools/linux/ti-cgt-arm_5.2.5/lib/src/iomanip.cpp
Unpacking /datalocal1/ti_components/cg_tools/linux/ti-cgt-arm_5.2.5/lib/src/copy_decompress_none.c
Unpacking /datalocal1/ti_components/cg_tools/linux/ti-cgt-arm_5.2.5/lib/src/xxatan.h
Unpacking /datalocal1/ti_components/cg_tools/linux/ti-cgt-arm_5.2.5/lib/src/xldint.c
Unpacking /datalocal1/ti_components/cg_tools/linux/ti-cgt-arm_5.2.5/lib/src/memcpy32.asm
Unpacking /datalocal1/ti_components/cg_tools/linux/ti-cgt-arm_5.2.5/lib/src/fs_tod_t2.asm
Unpacking /datalocal1/ti_components/cg_tools/linux/ti-cgt-arm_5.2.5/lib/src/fmodl.c
Unpacking /datalocal1/ti_components/cg_tools/linux/ti-cgt-arm_5.2.5/lib/src/args_main.c
Unpacking /datalocal1/ti_components/cg_tools/linux/ti-cgt-arm_5.2.5/lib/src/fseek.c
Unpacking /datalocal1/ti_components/cg_tools/linux/ti-cgt-arm_5.2.5/lib/src/dtor_list.cpp
Unpacking /datalocal1/ti_components/cg_tools/linux/ti-cgt-arm_5.2.5/lib/src/stdarg.h
Unpacking /datalocal1/ti_components/cg_tools/linux/ti-cgt-arm_5.2.5/lib/src/wchar.cx
Unpacking /datalocal1/ti_components/cg_tools/linux/ti-cgt-arm_5.2.5/lib/src/rint.c
Unpacking /datalocal1/ti_components/cg_tools/linux/ti-cgt-arm_5.2.5/lib/src/lroundf.c
Unpacking /datalocal1/ti_components/cg_tools/linux/ti-cgt-arm_5.2.5/lib/src/xxsqrt.h
Unpacking /datalocal1/ti_components/cg_tools/linux/ti-cgt-arm_5.2.5/lib/src/copy_decompress_lzss.c
Unpacking /datalocal1/ti_components/cg_tools/linux/ti-cgt-arm_5.2.5/lib/src/ll_lsr_t2.asm
Unpacking /datalocal1/ti_components/cg_tools/linux/ti-cgt-arm_5.2.5/lib/src/strftime.c
Unpacking /datalocal1/ti_components/cg_tools/linux/ti-cgt-arm_5.2.5/lib/src/xxpow.h
Unpacking /datalocal1/ti_components/cg_tools/linux/ti-cgt-arm_5.2.5/lib/src/xxexp.h
Unpacking /datalocal1/ti_components/cg_tools/linux/ti-cgt-arm_5.2.5/lib/src/fs_cmp_t2.asm
Unpacking /datalocal1/ti_components/cg_tools/linux/ti-cgt-arm_5.2.5/lib/src/fs_div16.asm
Unpacking /datalocal1/ti_components/cg_tools/linux/ti-cgt-arm_5.2.5/lib/src/nearbyintl.c
Unpacking /datalocal1/ti_components/cg_tools/linux/ti-cgt-arm_5.2.5/lib/src/Std_Types.h
Unpacking /datalocal1/ti_components/cg_tools/linux/ti-cgt-arm_5.2.5/lib/src/sinhl.c
Unpacking /datalocal1/ti_components/cg_tools/linux/ti-cgt-arm_5.2.5/lib/src/autoinit.c
Unpacking /datalocal1/ti_components/cg_tools/linux/ti-cgt-arm_5.2.5/lib/src/math.h
Unpacking /datalocal1/ti_components/cg_tools/linux/ti-cgt-arm_5.2.5/lib/src/xxnan.h
Unpacking /datalocal1/ti_components/cg_tools/linux/ti-cgt-arm_5.2.5/lib/src/config.h
Unpacking /datalocal1/ti_components/cg_tools/linux/ti-cgt-arm_5.2.5/lib/src/_fmt_specifier.h
Unpacking /datalocal1/ti_components/cg_tools/linux/ti-cgt-arm_5.2.5/lib/src/abs.c
Unpacking /datalocal1/ti_components/cg_tools/linux/ti-cgt-arm_5.2.5/lib/src/round.c
Unpacking /datalocal1/ti_components/cg_tools/linux/ti-cgt-arm_5.2.5/lib/src/xxlog10.h
Unpacking /datalocal1/ti_components/cg_tools/linux/ti-cgt-arm_5.2.5/lib/src/fmax.c
Unpacking /datalocal1/ti_components/cg_tools/linux/ti-cgt-arm_5.2.5/lib/src/xfdunsca.c
Unpacking /datalocal1/ti_components/cg_tools/linux/ti-cgt-arm_5.2.5/lib/src/_reg_mutex_api.h
Unpacking /datalocal1/ti_components/cg_tools/linux/ti-cgt-arm_5.2.5/lib/src/log1pl.c
Unpacking /datalocal1/ti_components/cg_tools/linux/ti-cgt-arm_5.2.5/lib/src/errno.h
Unpacking /datalocal1/ti_components/cg_tools/linux/ti-cgt-arm_5.2.5/lib/src/vec_newdel.h
Unpacking /datalocal1/ti_components/cg_tools/linux/ti-cgt-arm_5.2.5/lib/src/ll_asr32.asm
Unpacking /datalocal1/ti_components/cg_tools/linux/ti-cgt-arm_5.2.5/lib/src/rewind.c
Unpacking /datalocal1/ti_components/cg_tools/linux/ti-cgt-arm_5.2.5/lib/src/ll_mul_t2.asm
Unpacking /datalocal1/ti_components/cg_tools/linux/ti-cgt-arm_5.2.5/lib/src/strtof.c
Unpacking /datalocal1/ti_components/cg_tools/linux/ti-cgt-arm_5.2.5/lib/src/qsort.c
Unpacking /datalocal1/ti_components/cg_tools/linux/ti-cgt-arm_5.2.5/lib/src/fmod.c
Unpacking /datalocal1/ti_components/cg_tools/linux/ti-cgt-arm_5.2.5/lib/src/_data_synch.h
Unpacking /datalocal1/ti_components/cg_tools/linux/ti-cgt-arm_5.2.5/lib/src/ctype.c
Unpacking /datalocal1/ti_components/cg_tools/linux/ti-cgt-arm_5.2.5/lib/src/limits
Unpacking /datalocal1/ti_components/cg_tools/linux/ti-cgt-arm_5.2.5/lib/src/getenv.c
Unpacking /datalocal1/ti_components/cg_tools/linux/ti-cgt-arm_5.2.5/lib/src/tanh.c
Unpacking /datalocal1/ti_components/cg_tools/linux/ti-cgt-arm_5.2.5/lib/src/xxfmod.h
Unpacking /datalocal1/ti_components/cg_tools/linux/ti-cgt-arm_5.2.5/lib/src/eh_util.cpp
Unpacking /datalocal1/ti_components/cg_tools/linux/ti-cgt-arm_5.2.5/lib/src/remove.c
Unpacking /datalocal1/ti_components/cg_tools/linux/ti-cgt-arm_5.2.5/lib/src/locale.h
Unpacking /datalocal1/ti_components/cg_tools/linux/ti-cgt-arm_5.2.5/lib/src/remainderf.c
Unpacking /datalocal1/ti_components/cg_tools/linux/ti-cgt-arm_5.2.5/lib/src/log2l.c
Unpacking /datalocal1/ti_components/cg_tools/linux/ti-cgt-arm_5.2.5/lib/src/copysignl.c
Unpacking /datalocal1/ti_components/cg_tools/linux/ti-cgt-arm_5.2.5/lib/src/modff.c
Unpacking /datalocal1/ti_components/cg_tools/linux/ti-cgt-arm_5.2.5/lib/src/exp2f.c
Unpacking /datalocal1/ti_components/cg_tools/linux/ti-cgt-arm_5.2.5/lib/src/array_nonew.cpp
Unpacking /datalocal1/ti_components/cg_tools/linux/ti-cgt-arm_5.2.5/lib/src/xlgamma.c
Unpacking /datalocal1/ti_components/cg_tools/linux/ti-cgt-arm_5.2.5/lib/src/scalbnf.c
Unpacking /datalocal1/ti_components/cg_tools/linux/ti-cgt-arm_5.2.5/lib/src/xxfdim.h
Unpacking /datalocal1/ti_components/cg_tools/linux/ti-cgt-arm_5.2.5/lib/src/stkchk_t2.asm
Unpacking /datalocal1/ti_components/cg_tools/linux/ti-cgt-arm_5.2.5/lib/src/imaxdiv.c
Unpacking /datalocal1/ti_components/cg_tools/linux/ti-cgt-arm_5.2.5/lib/src/fs_tod32.asm
Unpacking /datalocal1/ti_components/cg_tools/linux/ti-cgt-arm_5.2.5/lib/src/fabsl.c
Unpacking /datalocal1/ti_components/cg_tools/linux/ti-cgt-arm_5.2.5/lib/src/xxxsin.h
Unpacking /datalocal1/ti_components/cg_tools/linux/ti-cgt-arm_5.2.5/lib/src/imaxabs.c
Unpacking /datalocal1/ti_components/cg_tools/linux/ti-cgt-arm_5.2.5/lib/src/fd_add_t2.asm
Unpacking /datalocal1/ti_components/cg_tools/linux/ti-cgt-arm_5.2.5/lib/src/llroundl.c
Unpacking /datalocal1/ti_components/cg_tools/linux/ti-cgt-arm_5.2.5/lib/src/xlhypot.c
Unpacking /datalocal1/ti_components/cg_tools/linux/ti-cgt-arm_5.2.5/lib/src/ll_mul16.asm
Unpacking /datalocal1/ti_components/cg_tools/linux/ti-cgt-arm_5.2.5/lib/src/_printfi_nf.c
Unpacking /datalocal1/ti_components/cg_tools/linux/ti-cgt-arm_5.2.5/lib/src/fs_toull_ti_vfp.c
Unpacking /datalocal1/ti_components/cg_tools/linux/ti-cgt-arm_5.2.5/lib/src/xxlgamma.h
Unpacking /datalocal1/ti_components/cg_tools/linux/ti-cgt-arm_5.2.5/lib/src/fd_toi16.asm
Unpacking /datalocal1/ti_components/cg_tools/linux/ti-cgt-arm_5.2.5/lib/src/fs_toull32.asm
Unpacking /datalocal1/ti_components/cg_tools/linux/ti-cgt-arm_5.2.5/lib/src/xllgamma.c
Unpacking /datalocal1/ti_components/cg_tools/linux/ti-cgt-arm_5.2.5/lib/src/strtoul.c
Unpacking /datalocal1/ti_components/cg_tools/linux/ti-cgt-arm_5.2.5/lib/src/fd_mul16.asm
Unpacking /datalocal1/ti_components/cg_tools/linux/ti-cgt-arm_5.2.5/lib/src/unaligned_t2.asm
Unpacking /datalocal1/ti_components/cg_tools/linux/ti-cgt-arm_5.2.5/lib/src/autoinit.h
Unpacking /datalocal1/ti_components/cg_tools/linux/ti-cgt-arm_5.2.5/lib/src/fd_eabi16.asm
Unpacking /datalocal1/ti_components/cg_tools/linux/ti-cgt-arm_5.2.5/lib/src/stl.h
Unpacking /datalocal1/ti_components/cg_tools/linux/ti-cgt-arm_5.2.5/lib/src/fs_eabi16.asm
Unpacking /datalocal1/ti_components/cg_tools/linux/ti-cgt-arm_5.2.5/lib/src/floor.c
Unpacking /datalocal1/ti_components/cg_tools/linux/ti-cgt-arm_5.2.5/lib/src/ll_cmp16.asm
Unpacking /datalocal1/ti_components/cg_tools/linux/ti-cgt-arm_5.2.5/lib/src/isprint.c
Unpacking /datalocal1/ti_components/cg_tools/linux/ti-cgt-arm_5.2.5/lib/src/div.c
Unpacking /datalocal1/ti_components/cg_tools/linux/ti-cgt-arm_5.2.5/lib/src/iscntrl.c
Unpacking /datalocal1/ti_components/cg_tools/linux/ti-cgt-arm_5.2.5/lib/src/xxremquo.h
Unpacking /datalocal1/ti_components/cg_tools/linux/ti-cgt-arm_5.2.5/lib/src/modf.c
Unpacking /datalocal1/ti_components/cg_tools/linux/ti-cgt-arm_5.2.5/lib/src/log10l.c
Unpacking /datalocal1/ti_components/cg_tools/linux/ti-cgt-arm_5.2.5/lib/src/strcasecmp.c
Unpacking /datalocal1/ti_components/cg_tools/linux/ti-cgt-arm_5.2.5/lib/src/vec_cctor.cpp
Unpacking /datalocal1/ti_components/cg_tools/linux/ti-cgt-arm_5.2.5/lib/src/strpbrk.c
Unpacking /datalocal1/ti_components/cg_tools/linux/ti-cgt-arm_5.2.5/lib/src/no_stm_memcpy_t2.asm
Unpacking /datalocal1/ti_components/cg_tools/linux/ti-cgt-arm_5.2.5/lib/src/_scanfi_min.c
Unpacking /datalocal1/ti_components/cg_tools/linux/ti-cgt-arm_5.2.5/lib/src/i_tofd16.asm
Unpacking /datalocal1/ti_components/cg_tools/linux/ti-cgt-arm_5.2.5/lib/src/lgammaf.c
Unpacking /datalocal1/ti_components/cg_tools/linux/ti-cgt-arm_5.2.5/lib/src/_mutex.h
Unpacking /datalocal1/ti_components/cg_tools/linux/ti-cgt-arm_5.2.5/lib/src/vsnprintf.c
Unpacking /datalocal1/ti_components/cg_tools/linux/ti-cgt-arm_5.2.5/lib/src/ll_mul32.asm
Unpacking /datalocal1/ti_components/cg_tools/linux/ti-cgt-arm_5.2.5/lib/src/tmpfile.c
Unpacking /datalocal1/ti_components/cg_tools/linux/ti-cgt-arm_5.2.5/lib/src/ull_tofs32.asm
Unpacking /datalocal1/ti_components/cg_tools/linux/ti-cgt-arm_5.2.5/lib/src/tdeh_uwentry_t2.asm
Unpacking /datalocal1/ti_components/cg_tools/linux/ti-cgt-arm_5.2.5/lib/src/cctype
Unpacking /datalocal1/ti_components/cg_tools/linux/ti-cgt-arm_5.2.5/lib/src/array_nodel.cpp
Unpacking /datalocal1/ti_components/cg_tools/linux/ti-cgt-arm_5.2.5/lib/src/setjmp32.asm
Unpacking /datalocal1/ti_components/cg_tools/linux/ti-cgt-arm_5.2.5/lib/src/remainder.c
Unpacking /datalocal1/ti_components/cg_tools/linux/ti-cgt-arm_5.2.5/lib/src/ll_div_t2.asm
Unpacking /datalocal1/ti_components/cg_tools/linux/ti-cgt-arm_5.2.5/lib/src/fs_toll_ti_vfp.c
Unpacking /datalocal1/ti_components/cg_tools/linux/ti-cgt-arm_5.2.5/lib/src/llroundf.c
Unpacking /datalocal1/ti_components/cg_tools/linux/ti-cgt-arm_5.2.5/lib/src/u_tofs_t2.asm
Unpacking /datalocal1/ti_components/cg_tools/linux/ti-cgt-arm_5.2.5/lib/src/fmal.c
Unpacking /datalocal1/ti_components/cg_tools/linux/ti-cgt-arm_5.2.5/lib/src/xxerf.h
Unpacking /datalocal1/ti_components/cg_tools/linux/ti-cgt-arm_5.2.5/lib/src/vfprintf.c
Unpacking /datalocal1/ti_components/cg_tools/linux/ti-cgt-arm_5.2.5/lib/src/nextafterl.c
Unpacking /datalocal1/ti_components/cg_tools/linux/ti-cgt-arm_5.2.5/lib/src/xffpcomp.c
Unpacking /datalocal1/ti_components/cg_tools/linux/ti-cgt-arm_5.2.5/lib/src/wiostrea.cpp
Unpacking /datalocal1/ti_components/cg_tools/linux/ti-cgt-arm_5.2.5/lib/src/wchar.hx
Unpacking /datalocal1/ti_components/cg_tools/linux/ti-cgt-arm_5.2.5/lib/src/fminl.c
Unpacking /datalocal1/ti_components/cg_tools/linux/ti-cgt-arm_5.2.5/lib/src/fs_tod16.asm
Unpacking /datalocal1/ti_components/cg_tools/linux/ti-cgt-arm_5.2.5/include/complex
Unpacking /datalocal1/ti_components/cg_tools/linux/ti-cgt-arm_5.2.5/include/locale
Unpacking /datalocal1/ti_components/cg_tools/linux/ti-cgt-arm_5.2.5/include/cfloat
Unpacking /datalocal1/ti_components/cg_tools/linux/ti-cgt-arm_5.2.5/include/fstream
Unpacking /datalocal1/ti_components/cg_tools/linux/ti-cgt-arm_5.2.5/include/file.h
Unpacking /datalocal1/ti_components/cg_tools/linux/ti-cgt-arm_5.2.5/include/etsi.h
Unpacking /datalocal1/ti_components/cg_tools/linux/ti-cgt-arm_5.2.5/include/cstdio
Unpacking /datalocal1/ti_components/cg_tools/linux/ti-cgt-arm_5.2.5/include/xlocinfo.h
Unpacking /datalocal1/ti_components/cg_tools/linux/ti-cgt-arm_5.2.5/include/ciso646
Unpacking /datalocal1/ti_components/cg_tools/linux/ti-cgt-arm_5.2.5/include/xwcc.h
Unpacking /datalocal1/ti_components/cg_tools/linux/ti-cgt-arm_5.2.5/include/_isfuncdef.h
Unpacking /datalocal1/ti_components/cg_tools/linux/ti-cgt-arm_5.2.5/include/iostream.h
Unpacking /datalocal1/ti_components/cg_tools/linux/ti-cgt-arm_5.2.5/include/stdbool.h
Unpacking /datalocal1/ti_components/cg_tools/linux/ti-cgt-arm_5.2.5/include/yvals.h
Unpacking /datalocal1/ti_components/cg_tools/linux/ti-cgt-arm_5.2.5/include/Compiler.h
Unpacking /datalocal1/ti_components/cg_tools/linux/ti-cgt-arm_5.2.5/include/elf_linkage.h
Unpacking /datalocal1/ti_components/cg_tools/linux/ti-cgt-arm_5.2.5/include/iostream
Unpacking /datalocal1/ti_components/cg_tools/linux/ti-cgt-arm_5.2.5/include/fenv.h
Unpacking /datalocal1/ti_components/cg_tools/linux/ti-cgt-arm_5.2.5/include/stddef.h
Unpacking /datalocal1/ti_components/cg_tools/linux/ti-cgt-arm_5.2.5/include/wchar.h
Unpacking /datalocal1/ti_components/cg_tools/linux/ti-cgt-arm_5.2.5/include/cerrno
Unpacking /datalocal1/ti_components/cg_tools/linux/ti-cgt-arm_5.2.5/include/time.h
Unpacking /datalocal1/ti_components/cg_tools/linux/ti-cgt-arm_5.2.5/include/signal.h
Unpacking /datalocal1/ti_components/cg_tools/linux/ti-cgt-arm_5.2.5/include/iomanip.h
Unpacking /datalocal1/ti_components/cg_tools/linux/ti-cgt-arm_5.2.5/include/float.h
Unpacking /datalocal1/ti_components/cg_tools/linux/ti-cgt-arm_5.2.5/include/algorithm
Unpacking /datalocal1/ti_components/cg_tools/linux/ti-cgt-arm_5.2.5/include/exception
Unpacking /datalocal1/ti_components/cg_tools/linux/ti-cgt-arm_5.2.5/include/linkage.h
Unpacking /datalocal1/ti_components/cg_tools/linux/ti-cgt-arm_5.2.5/include/hash_map
Unpacking /datalocal1/ti_components/cg_tools/linux/ti-cgt-arm_5.2.5/include/iosfwd
Unpacking /datalocal1/ti_components/cg_tools/linux/ti-cgt-arm_5.2.5/include/new.h
Unpacking /datalocal1/ti_components/cg_tools/linux/ti-cgt-arm_5.2.5/include/strstream.h
Unpacking /datalocal1/ti_components/cg_tools/linux/ti-cgt-arm_5.2.5/include/hash_set
Unpacking /datalocal1/ti_components/cg_tools/linux/ti-cgt-arm_5.2.5/include/string.h
Unpacking /datalocal1/ti_components/cg_tools/linux/ti-cgt-arm_5.2.5/include/cwchar
Unpacking /datalocal1/ti_components/cg_tools/linux/ti-cgt-arm_5.2.5/include/inttypes.h
Unpacking /datalocal1/ti_components/cg_tools/linux/ti-cgt-arm_5.2.5/include/strings.h
Unpacking /datalocal1/ti_components/cg_tools/linux/ti-cgt-arm_5.2.5/include/csignal
Unpacking /datalocal1/ti_components/cg_tools/linux/ti-cgt-arm_5.2.5/include/cwctype
Unpacking /datalocal1/ti_components/cg_tools/linux/ti-cgt-arm_5.2.5/include/ctype.h
Unpacking /datalocal1/ti_components/cg_tools/linux/ti-cgt-arm_5.2.5/include/stdlib.h
Unpacking /datalocal1/ti_components/cg_tools/linux/ti-cgt-arm_5.2.5/include/Compiler_Cfg.h
Unpacking /datalocal1/ti_components/cg_tools/linux/ti-cgt-arm_5.2.5/include/climits
Unpacking /datalocal1/ti_components/cg_tools/linux/ti-cgt-arm_5.2.5/include/cstdlib
Unpacking /datalocal1/ti_components/cg_tools/linux/ti-cgt-arm_5.2.5/include/wctype.h
Unpacking /datalocal1/ti_components/cg_tools/linux/ti-cgt-arm_5.2.5/include/_pthread.h
Unpacking /datalocal1/ti_components/cg_tools/linux/ti-cgt-arm_5.2.5/include/mathcpp.h
Unpacking /datalocal1/ti_components/cg_tools/linux/ti-cgt-arm_5.2.5/include/bitset
Unpacking /datalocal1/ti_components/cg_tools/linux/ti-cgt-arm_5.2.5/include/limits.h
Unpacking /datalocal1/ti_components/cg_tools/linux/ti-cgt-arm_5.2.5/include/cmath
Unpacking /datalocal1/ti_components/cg_tools/linux/ti-cgt-arm_5.2.5/include/cstdarg
Unpacking /datalocal1/ti_components/cg_tools/linux/ti-cgt-arm_5.2.5/include/ctime
Unpacking /datalocal1/ti_components/cg_tools/linux/ti-cgt-arm_5.2.5/include/cstring
Unpacking /datalocal1/ti_components/cg_tools/linux/ti-cgt-arm_5.2.5/include/clocale
Unpacking /datalocal1/ti_components/cg_tools/linux/ti-cgt-arm_5.2.5/include/Platform_Types.h
Unpacking /datalocal1/ti_components/cg_tools/linux/ti-cgt-arm_5.2.5/include/stdiostream.h
Unpacking /datalocal1/ti_components/cg_tools/linux/ti-cgt-arm_5.2.5/include/ios
Unpacking /datalocal1/ti_components/cg_tools/linux/ti-cgt-arm_5.2.5/include/iterator
Unpacking /datalocal1/ti_components/cg_tools/linux/ti-cgt-arm_5.2.5/include/istream
Unpacking /datalocal1/ti_components/cg_tools/linux/ti-cgt-arm_5.2.5/include/cpy_tbl.h
Unpacking /datalocal1/ti_components/cg_tools/linux/ti-cgt-arm_5.2.5/include/assert.h
Unpacking /datalocal1/ti_components/cg_tools/linux/ti-cgt-arm_5.2.5/include/csetjmp
Unpacking /datalocal1/ti_components/cg_tools/linux/ti-cgt-arm_5.2.5/include/iso646.h
Unpacking /datalocal1/ti_components/cg_tools/linux/ti-cgt-arm_5.2.5/include/fstream.h
Unpacking /datalocal1/ti_components/cg_tools/linux/ti-cgt-arm_5.2.5/include/deque
Unpacking /datalocal1/ti_components/cg_tools/linux/ti-cgt-arm_5.2.5/include/iomanip
Unpacking /datalocal1/ti_components/cg_tools/linux/ti-cgt-arm_5.2.5/include/cstddef
Unpacking /datalocal1/ti_components/cg_tools/linux/ti-cgt-arm_5.2.5/include/_isfuncdcl.h
Unpacking /datalocal1/ti_components/cg_tools/linux/ti-cgt-arm_5.2.5/include/_reg_synch_api.h
Unpacking /datalocal1/ti_components/cg_tools/linux/ti-cgt-arm_5.2.5/include/list
Unpacking /datalocal1/ti_components/cg_tools/linux/ti-cgt-arm_5.2.5/include/cassert
Unpacking /datalocal1/ti_components/cg_tools/linux/ti-cgt-arm_5.2.5/include/stdint.h
Unpacking /datalocal1/ti_components/cg_tools/linux/ti-cgt-arm_5.2.5/include/crc_tbl.h
Unpacking /datalocal1/ti_components/cg_tools/linux/ti-cgt-arm_5.2.5/include/ymath.h
Unpacking /datalocal1/ti_components/cg_tools/linux/ti-cgt-arm_5.2.5/include/functional
Unpacking /datalocal1/ti_components/cg_tools/linux/ti-cgt-arm_5.2.5/include/_tls.h
Unpacking /datalocal1/ti_components/cg_tools/linux/ti-cgt-arm_5.2.5/include/_lock.h
Unpacking /datalocal1/ti_components/cg_tools/linux/ti-cgt-arm_5.2.5/include/stdio.h
Unpacking /datalocal1/ti_components/cg_tools/linux/ti-cgt-arm_5.2.5/include/setjmp.h
Unpacking /datalocal1/ti_components/cg_tools/linux/ti-cgt-arm_5.2.5/include/stdarg.h
Unpacking /datalocal1/ti_components/cg_tools/linux/ti-cgt-arm_5.2.5/include/Std_Types.h
Unpacking /datalocal1/ti_components/cg_tools/linux/ti-cgt-arm_5.2.5/include/math.h
Unpacking /datalocal1/ti_components/cg_tools/linux/ti-cgt-arm_5.2.5/include/_fmt_specifier.h
Unpacking /datalocal1/ti_components/cg_tools/linux/ti-cgt-arm_5.2.5/include/_reg_mutex_api.h
Unpacking /datalocal1/ti_components/cg_tools/linux/ti-cgt-arm_5.2.5/include/errno.h
Unpacking /datalocal1/ti_components/cg_tools/linux/ti-cgt-arm_5.2.5/include/_data_synch.h
Unpacking /datalocal1/ti_components/cg_tools/linux/ti-cgt-arm_5.2.5/include/limits
Unpacking /datalocal1/ti_components/cg_tools/linux/ti-cgt-arm_5.2.5/include/locale.h
Unpacking /datalocal1/ti_components/cg_tools/linux/ti-cgt-arm_5.2.5/include/stl.h
Unpacking /datalocal1/ti_components/cg_tools/linux/ti-cgt-arm_5.2.5/include/_mutex.h
Unpacking /datalocal1/ti_components/cg_tools/linux/ti-cgt-arm_5.2.5/include/cctype
Unpacking /datalocal1/ti_components/cg_tools/linux/ti-cgt-arm_5.2.5/include/wchar.hx
Unpacking /datalocal1/ti_components/cg_tools/linux/ti-cgt-arm_5.2.5/bin/armxref
Unpacking /datalocal1/ti_components/cg_tools/linux/ti-cgt-arm_5.2.5/bin/armacpia
Unpacking /datalocal1/ti_components/cg_tools/linux/ti-cgt-arm_5.2.5/bin/armlnk
Unpacking /datalocal1/ti_components/cg_tools/linux/ti-cgt-arm_5.2.5/bin/armopt
Unpacking /datalocal1/ti_components/cg_tools/linux/ti-cgt-arm_5.2.5/bin/armclist
Unpacking /datalocal1/ti_components/cg_tools/linux/ti-cgt-arm_5.2.5/bin/armacp
Unpacking /datalocal1/ti_components/cg_tools/linux/ti-cgt-arm_5.2.5/bin/armadv
Unpacking /datalocal1/ti_components/cg_tools/linux/ti-cgt-arm_5.2.5/bin/armabs
Unpacking /datalocal1/ti_components/cg_tools/linux/ti-cgt-arm_5.2.5/bin/armdem
Unpacking /datalocal1/ti_components/cg_tools/linux/ti-cgt-arm_5.2.5/bin/armcl
Unpacking /datalocal1/ti_components/cg_tools/linux/ti-cgt-arm_5.2.5/bin/armembed
Unpacking /datalocal1/ti_components/cg_tools/linux/ti-cgt-arm_5.2.5/bin/armar
Unpacking /datalocal1/ti_components/cg_tools/linux/ti-cgt-arm_5.2.5/bin/armlibinfo
Unpacking /datalocal1/ti_components/cg_tools/linux/ti-cgt-arm_5.2.5/bin/armofd
Unpacking /datalocal1/ti_components/cg_tools/linux/ti-cgt-arm_5.2.5/lib/src/streambuf
Unpacking /datalocal1/ti_components/cg_tools/linux/ti-cgt-arm_5.2.5/lib/src/vector
Unpacking /datalocal1/ti_components/cg_tools/linux/ti-cgt-arm_5.2.5/lib/src/xutility
Unpacking /datalocal1/ti_components/cg_tools/linux/ti-cgt-arm_5.2.5/lib/src/typeinfo
Unpacking /datalocal1/ti_components/cg_tools/linux/ti-cgt-arm_5.2.5/lib/src/slist
Unpacking /datalocal1/ti_components/cg_tools/linux/ti-cgt-arm_5.2.5/lib/src/new
Unpacking /datalocal1/ti_components/cg_tools/linux/ti-cgt-arm_5.2.5/lib/src/xdebug
Unpacking /datalocal1/ti_components/cg_tools/linux/ti-cgt-arm_5.2.5/lib/src/xhash
Unpacking /datalocal1/ti_components/cg_tools/linux/ti-cgt-arm_5.2.5/lib/src/xtree
Unpacking /datalocal1/ti_components/cg_tools/linux/ti-cgt-arm_5.2.5/lib/src/map
Unpacking /datalocal1/ti_components/cg_tools/linux/ti-cgt-arm_5.2.5/lib/src/xlocmon
Unpacking /datalocal1/ti_components/cg_tools/linux/ti-cgt-arm_5.2.5/lib/src/utility
Unpacking /datalocal1/ti_components/cg_tools/linux/ti-cgt-arm_5.2.5/lib/src/xlocnum
Unpacking /datalocal1/ti_components/cg_tools/linux/ti-cgt-arm_5.2.5/lib/src/xloctime
Unpacking /datalocal1/ti_components/cg_tools/linux/ti-cgt-arm_5.2.5/lib/src/xlocinfo
Unpacking /datalocal1/ti_components/cg_tools/linux/ti-cgt-arm_5.2.5/lib/src/set
Unpacking /datalocal1/ti_components/cg_tools/linux/ti-cgt-arm_5.2.5/lib/src/memory
Unpacking /datalocal1/ti_components/cg_tools/linux/ti-cgt-arm_5.2.5/lib/src/xcomplex
Unpacking /datalocal1/ti_components/cg_tools/linux/ti-cgt-arm_5.2.5/lib/src/Makefile
Unpacking /datalocal1/ti_components/cg_tools/linux/ti-cgt-arm_5.2.5/lib/src/stack
Unpacking /datalocal1/ti_components/cg_tools/linux/ti-cgt-arm_5.2.5/lib/src/queue
Unpacking /datalocal1/ti_components/cg_tools/linux/ti-cgt-arm_5.2.5/lib/src/stdexcept
Unpacking /datalocal1/ti_components/cg_tools/linux/ti-cgt-arm_5.2.5/lib/src/xstring
Unpacking /datalocal1/ti_components/cg_tools/linux/ti-cgt-arm_5.2.5/lib/src/xmemory
Unpacking /datalocal1/ti_components/cg_tools/linux/ti-cgt-arm_5.2.5/lib/src/xlocale
Unpacking /datalocal1/ti_components/cg_tools/linux/ti-cgt-arm_5.2.5/lib/src/numeric
Unpacking /datalocal1/ti_components/cg_tools/linux/ti-cgt-arm_5.2.5/lib/src/valarray
Unpacking /datalocal1/ti_components/cg_tools/linux/ti-cgt-arm_5.2.5/lib/src/xiosbase
Unpacking /datalocal1/ti_components/cg_tools/linux/ti-cgt-arm_5.2.5/lib/src/xstddef
Unpacking /datalocal1/ti_components/cg_tools/linux/ti-cgt-arm_5.2.5/lib/src/xlocmes
Unpacking /datalocal1/ti_components/cg_tools/linux/ti-cgt-arm_5.2.5/lib/src/string
Unpacking /datalocal1/ti_components/cg_tools/linux/ti-cgt-arm_5.2.5/lib/src/rope
Unpacking /datalocal1/ti_components/cg_tools/linux/ti-cgt-arm_5.2.5/lib/src/sstream
Unpacking /datalocal1/ti_components/cg_tools/linux/ti-cgt-arm_5.2.5/lib/src/strstream
Unpacking /datalocal1/ti_components/cg_tools/linux/ti-cgt-arm_5.2.5/lib/src/ostream
Unpacking /datalocal1/ti_components/cg_tools/linux/ti-cgt-arm_5.2.5/include/streambuf
Unpacking /datalocal1/ti_components/cg_tools/linux/ti-cgt-arm_5.2.5/include/vector
Unpacking /datalocal1/ti_components/cg_tools/linux/ti-cgt-arm_5.2.5/include/xutility
Unpacking /datalocal1/ti_components/cg_tools/linux/ti-cgt-arm_5.2.5/include/typeinfo
Unpacking /datalocal1/ti_components/cg_tools/linux/ti-cgt-arm_5.2.5/include/slist
Unpacking /datalocal1/ti_components/cg_tools/linux/ti-cgt-arm_5.2.5/include/new
Unpacking /datalocal1/ti_components/cg_tools/linux/ti-cgt-arm_5.2.5/include/xdebug
Unpacking /datalocal1/ti_components/cg_tools/linux/ti-cgt-arm_5.2.5/include/xhash
Unpacking /datalocal1/ti_components/cg_tools/linux/ti-cgt-arm_5.2.5/include/xtree
Unpacking /datalocal1/ti_components/cg_tools/linux/ti-cgt-arm_5.2.5/include/map
Unpacking /datalocal1/ti_components/cg_tools/linux/ti-cgt-arm_5.2.5/include/xlocmon
Unpacking /datalocal1/ti_components/cg_tools/linux/ti-cgt-arm_5.2.5/include/utility
Unpacking /datalocal1/ti_components/cg_tools/linux/ti-cgt-arm_5.2.5/include/xlocnum
Unpacking /datalocal1/ti_components/cg_tools/linux/ti-cgt-arm_5.2.5/include/xloctime
Unpacking /datalocal1/ti_components/cg_tools/linux/ti-cgt-arm_5.2.5/include/xlocinfo
Unpacking /datalocal1/ti_components/cg_tools/linux/ti-cgt-arm_5.2.5/include/set
Unpacking /datalocal1/ti_components/cg_tools/linux/ti-cgt-arm_5.2.5/include/memory
Unpacking /datalocal1/ti_components/cg_tools/linux/ti-cgt-arm_5.2.5/include/xcomplex
Unpacking /datalocal1/ti_components/cg_tools/linux/ti-cgt-arm_5.2.5/include/stack
Unpacking /datalocal1/ti_components/cg_tools/linux/ti-cgt-arm_5.2.5/include/queue
Unpacking /datalocal1/ti_components/cg_tools/linux/ti-cgt-arm_5.2.5/include/stdexcept
Unpacking /datalocal1/ti_components/cg_tools/linux/ti-cgt-arm_5.2.5/include/xstring
Unpacking /datalocal1/ti_components/cg_tools/linux/ti-cgt-arm_5.2.5/include/xmemory
Unpacking /datalocal1/ti_components/cg_tools/linux/ti-cgt-arm_5.2.5/include/xlocale
Unpacking /datalocal1/ti_components/cg_tools/linux/ti-cgt-arm_5.2.5/include/numeric
Unpacking /datalocal1/ti_components/cg_tools/linux/ti-cgt-arm_5.2.5/include/valarray
Unpacking /datalocal1/ti_components/cg_tools/linux/ti-cgt-arm_5.2.5/include/xiosbase
Unpacking /datalocal1/ti_components/cg_tools/linux/ti-cgt-arm_5.2.5/include/xstddef
Unpacking /datalocal1/ti_components/cg_tools/linux/ti-cgt-arm_5.2.5/include/xlocmes
Unpacking /datalocal1/ti_components/cg_tools/linux/ti-cgt-arm_5.2.5/include/string
Unpacking /datalocal1/ti_components/cg_tools/linux/ti-cgt-arm_5.2.5/include/rope
Unpacking /datalocal1/ti_components/cg_tools/linux/ti-cgt-arm_5.2.5/include/sstream
Unpacking /datalocal1/ti_components/cg_tools/linux/ti-cgt-arm_5.2.5/include/strstream
Unpacking /datalocal1/ti_components/cg_tools/linux/ti-cgt-arm_5.2.5/include/ostream
Unpacking /datalocal1/ti_components/cg_tools/linux/ti-cgt-arm_5.2.5/bin/armdis
Unpacking /datalocal1/ti_components/cg_tools/linux/ti-cgt-arm_5.2.5/bin/armnm
Unpacking /datalocal1/ti_components/cg_tools/linux/ti-cgt-arm_5.2.5/bin/armcg
Unpacking /datalocal1/ti_components/cg_tools/linux/ti-cgt-arm_5.2.5/bin/armstrip
Unpacking /datalocal1/ti_components/cg_tools/linux/ti-cgt-arm_5.2.5/bin/armasm
Unpacking /datalocal1/ti_components/cg_tools/linux/ti-cgt-arm_5.2.5/bin/armhex
Unpacking /datalocal1/ti_components/cg_tools/linux/ti-cgt-arm_5.2.5/bin/armilk
Unpacking /datalocal1/ti_components/cg_tools/linux/ti-cgt-arm_5.2.5/man/man1/armembed.1
Unpacking /datalocal1/ti_components/cg_tools/linux/ti-cgt-arm_5.2.5/man/man1/armstrip.1
Unpacking /datalocal1/ti_components/cg_tools/linux/ti-cgt-arm_5.2.5/man/man1/armnm.1
Unpacking /datalocal1/ti_components/cg_tools/linux/ti-cgt-arm_5.2.5/man/man1/armlnk.1
Unpacking /datalocal1/ti_components/cg_tools/linux/ti-cgt-arm_5.2.5/man/man1/armcg.1
Unpacking /datalocal1/ti_components/cg_tools/linux/ti-cgt-arm_5.2.5/man/man1/armofd.1
Unpacking /datalocal1/ti_components/cg_tools/linux/ti-cgt-arm_5.2.5/man/man1/armadv.1
Unpacking /datalocal1/ti_components/cg_tools/linux/ti-cgt-arm_5.2.5/man/man1/armhex.1
Unpacking /datalocal1/ti_components/cg_tools/linux/ti-cgt-arm_5.2.5/man/man1/armdem.1
Unpacking /datalocal1/ti_components/cg_tools/linux/ti-cgt-arm_5.2.5/man/man1/armasm.1
Unpacking /datalocal1/ti_components/cg_tools/linux/ti-cgt-arm_5.2.5/man/man1/armdis.1
Unpacking /datalocal1/ti_components/cg_tools/linux/ti-cgt-arm_5.2.5/man/man1/armabs.1
Unpacking /datalocal1/ti_components/cg_tools/linux/ti-cgt-arm_5.2.5/man/man1/armcl.1
Unpacking /datalocal1/ti_components/cg_tools/linux/ti-cgt-arm_5.2.5/man/man1/armacpia.1
Unpacking /datalocal1/ti_components/cg_tools/linux/ti-cgt-arm_5.2.5/man/man1/armacp.1
Unpacking /datalocal1/ti_components/cg_tools/linux/ti-cgt-arm_5.2.5/man/man1/armxref.1
Unpacking /datalocal1/ti_components/cg_tools/linux/ti-cgt-arm_5.2.5/man/man1/armilk.1
Unpacking /datalocal1/ti_components/cg_tools/linux/ti-cgt-arm_5.2.5/man/man1/armopt.1
Unpacking /datalocal1/ti_components/cg_tools/linux/ti-cgt-arm_5.2.5/man/man1/armlibinfo.1
Creating Uninstaller
Creating uninstaller 25%
Creating uninstaller 50%
Creating uninstaller 75%
Creating uninstaller 100%
Installation completed
Log finished 09/16/2015 at 10:56:39
